You are using YYP Maker v1.1.5, released in 14-08-2022



[12-05-2024 14:33:58] Initialized GameMaker Project: IcySlide.yyp
[12-05-2024 14:33:58] Current parent directory: C:/Users/Leo/Documents/GameMakerStudio2/IcySlide/animcurves
[12-05-2024 14:33:58] Current parent directory: C:/Users/Leo/Documents/GameMakerStudio2/IcySlide/extensions
[12-05-2024 14:33:58] Current parent directory: C:/Users/Leo/Documents/GameMakerStudio2/IcySlide/fonts
[12-05-2024 14:33:58] Checking FntTitle
[12-05-2024 14:33:58] Directory: C:/Users/Leo/Documents/GameMakerStudio2/IcySlide/fonts/FntTitle
[12-05-2024 14:33:58] Checking FntMain
[12-05-2024 14:33:58] Directory: C:/Users/Leo/Documents/GameMakerStudio2/IcySlide/fonts/FntMain
[12-05-2024 14:33:58] Current parent directory: C:/Users/Leo/Documents/GameMakerStudio2/IcySlide/fonts/FntMain
[12-05-2024 14:33:58] Checking FntMain.yy
[12-05-2024 14:33:58] Parsing C:/Users/Leo/Documents/GameMakerStudio2/IcySlide/fonts/FntMain/FntMain.yy
[12-05-2024 14:33:58] Reading C:/Users/Leo/Documents/GameMakerStudio2/IcySlide/fonts/FntMain/FntMain.yy
[12-05-2024 14:33:58] Par: "folders/Fonts" at dir: "C:/Users/Leo/Documents/GameMakerStudio2/IcySlide/fonts/FntMain/FntMain.yy"
[12-05-2024 14:33:58] Found Font: FntMain
[12-05-2024 14:33:58] Checking FntMain.png
[12-05-2024 14:33:58] Checking FntMain.old.yy
[12-05-2024 14:33:58] Trash file: FntMain.old.yy, will be moved to ___yyp_maker_trash
[12-05-2024 14:33:58] Checking FntMain.old.png
[12-05-2024 14:33:58] Current parent directory: C:/Users/Leo/Documents/GameMakerStudio2/IcySlide/fonts/FntTitle
[12-05-2024 14:33:58] Checking FntTitle.yy
[12-05-2024 14:33:58] Parsing C:/Users/Leo/Documents/GameMakerStudio2/IcySlide/fonts/FntTitle/FntTitle.yy
[12-05-2024 14:33:58] Reading C:/Users/Leo/Documents/GameMakerStudio2/IcySlide/fonts/FntTitle/FntTitle.yy
[12-05-2024 14:33:58] Par: "folders/Fonts" at dir: "C:/Users/Leo/Documents/GameMakerStudio2/IcySlide/fonts/FntTitle/FntTitle.yy"
[12-05-2024 14:33:58] Found Font: FntTitle
[12-05-2024 14:33:58] Checking FntTitle.png
[12-05-2024 14:33:58] Checking FntTitle.old.yy
[12-05-2024 14:33:58] Trash file: FntTitle.old.yy, will be moved to ___yyp_maker_trash
[12-05-2024 14:33:58] Checking FntTitle.old.png
[12-05-2024 14:33:58] Current parent directory: C:/Users/Leo/Documents/GameMakerStudio2/IcySlide/notes
[12-05-2024 14:33:58] Current parent directory: C:/Users/Leo/Documents/GameMakerStudio2/IcySlide/objects
[12-05-2024 14:33:58] Checking ObjWall
[12-05-2024 14:33:58] Directory: C:/Users/Leo/Documents/GameMakerStudio2/IcySlide/objects/ObjWall
[12-05-2024 14:33:58] Checking ObjRestartButton
[12-05-2024 14:33:58] Directory: C:/Users/Leo/Documents/GameMakerStudio2/IcySlide/objects/ObjRestartButton
[12-05-2024 14:33:58] Checking ObjPlayer
[12-05-2024 14:33:58] Directory: C:/Users/Leo/Documents/GameMakerStudio2/IcySlide/objects/ObjPlayer
[12-05-2024 14:33:58] Checking ObjMoveDisplay
[12-05-2024 14:33:58] Directory: C:/Users/Leo/Documents/GameMakerStudio2/IcySlide/objects/ObjMoveDisplay
[12-05-2024 14:33:58] Checking ObjMenuButton
[12-05-2024 14:33:58] Directory: C:/Users/Leo/Documents/GameMakerStudio2/IcySlide/objects/ObjMenuButton
[12-05-2024 14:33:58] Checking ObjGame
[12-05-2024 14:33:58] Directory: C:/Users/Leo/Documents/GameMakerStudio2/IcySlide/objects/ObjGame
[12-05-2024 14:33:58] Checking ObjFlagDisplay
[12-05-2024 14:33:58] Directory: C:/Users/Leo/Documents/GameMakerStudio2/IcySlide/objects/ObjFlagDisplay
[12-05-2024 14:33:58] Checking ObjCrackParent
[12-05-2024 14:33:58] Directory: C:/Users/Leo/Documents/GameMakerStudio2/IcySlide/objects/ObjCrackParent
[12-05-2024 14:33:58] Checking ObjCrack4
[12-05-2024 14:33:58] Directory: C:/Users/Leo/Documents/GameMakerStudio2/IcySlide/objects/ObjCrack4
[12-05-2024 14:33:58] Checking ObjCrack3
[12-05-2024 14:33:58] Directory: C:/Users/Leo/Documents/GameMakerStudio2/IcySlide/objects/ObjCrack3
[12-05-2024 14:33:58] Checking ObjCrack2
[12-05-2024 14:33:58] Directory: C:/Users/Leo/Documents/GameMakerStudio2/IcySlide/objects/ObjCrack2
[12-05-2024 14:33:58] Checking ObjCrack1
[12-05-2024 14:33:58] Directory: C:/Users/Leo/Documents/GameMakerStudio2/IcySlide/objects/ObjCrack1
[12-05-2024 14:33:58] Checking ObjCollectibleFlag
[12-05-2024 14:33:58] Directory: C:/Users/Leo/Documents/GameMakerStudio2/IcySlide/objects/ObjCollectibleFlag
[12-05-2024 14:33:58] Checking ObjButtonParent
[12-05-2024 14:33:58] Directory: C:/Users/Leo/Documents/GameMakerStudio2/IcySlide/objects/ObjButtonParent
[12-05-2024 14:33:58] Checking ObjBtnReturn
[12-05-2024 14:33:58] Directory: C:/Users/Leo/Documents/GameMakerStudio2/IcySlide/objects/ObjBtnReturn
[12-05-2024 14:33:58] Checking ObjBtnQuit
[12-05-2024 14:33:58] Directory: C:/Users/Leo/Documents/GameMakerStudio2/IcySlide/objects/ObjBtnQuit
[12-05-2024 14:33:58] Checking ObjBtnPlay
[12-05-2024 14:33:58] Directory: C:/Users/Leo/Documents/GameMakerStudio2/IcySlide/objects/ObjBtnPlay
[12-05-2024 14:33:58] Checking ObjBtnOptions
[12-05-2024 14:33:58] Directory: C:/Users/Leo/Documents/GameMakerStudio2/IcySlide/objects/ObjBtnOptions
[12-05-2024 14:33:58] Checking ObjBtnLvlParent
[12-05-2024 14:33:58] Directory: C:/Users/Leo/Documents/GameMakerStudio2/IcySlide/objects/ObjBtnLvlParent
[12-05-2024 14:33:58] Checking ObjBtnLevel
[12-05-2024 14:33:58] Directory: C:/Users/Leo/Documents/GameMakerStudio2/IcySlide/objects/ObjBtnLevel
[12-05-2024 14:33:58] Checking ObjBackgroundController
[12-05-2024 14:33:58] Directory: C:/Users/Leo/Documents/GameMakerStudio2/IcySlide/objects/ObjBackgroundController
[12-05-2024 14:33:58] Checking BtnLvl9
[12-05-2024 14:33:58] Directory: C:/Users/Leo/Documents/GameMakerStudio2/IcySlide/objects/BtnLvl9
[12-05-2024 14:33:58] Checking BtnLvl8
[12-05-2024 14:33:58] Directory: C:/Users/Leo/Documents/GameMakerStudio2/IcySlide/objects/BtnLvl8
[12-05-2024 14:33:58] Checking BtnLvl7
[12-05-2024 14:33:58] Directory: C:/Users/Leo/Documents/GameMakerStudio2/IcySlide/objects/BtnLvl7
[12-05-2024 14:33:58] Checking BtnLvl6
[12-05-2024 14:33:58] Directory: C:/Users/Leo/Documents/GameMakerStudio2/IcySlide/objects/BtnLvl6
[12-05-2024 14:33:58] Checking BtnLvl5
[12-05-2024 14:33:58] Directory: C:/Users/Leo/Documents/GameMakerStudio2/IcySlide/objects/BtnLvl5
[12-05-2024 14:33:58] Checking BtnLvl4
[12-05-2024 14:33:58] Directory: C:/Users/Leo/Documents/GameMakerStudio2/IcySlide/objects/BtnLvl4
[12-05-2024 14:33:58] Checking BtnLvl3
[12-05-2024 14:33:58] Directory: C:/Users/Leo/Documents/GameMakerStudio2/IcySlide/objects/BtnLvl3
[12-05-2024 14:33:58] Checking BtnLvl2
[12-05-2024 14:33:58] Directory: C:/Users/Leo/Documents/GameMakerStudio2/IcySlide/objects/BtnLvl2
[12-05-2024 14:33:58] Checking BtnLvl10
[12-05-2024 14:33:58] Directory: C:/Users/Leo/Documents/GameMakerStudio2/IcySlide/objects/BtnLvl10
[12-05-2024 14:33:58] Checking BtnLvl1
[12-05-2024 14:33:58] Directory: C:/Users/Leo/Documents/GameMakerStudio2/IcySlide/objects/BtnLvl1
[12-05-2024 14:33:58] Current parent directory: C:/Users/Leo/Documents/GameMakerStudio2/IcySlide/objects/BtnLvl1
[12-05-2024 14:33:58] Checking Mouse_7.gml
[12-05-2024 14:33:58] Checking BtnLvl1.yy
[12-05-2024 14:33:58] Parsing C:/Users/Leo/Documents/GameMakerStudio2/IcySlide/objects/BtnLvl1/BtnLvl1.yy
[12-05-2024 14:33:58] Reading C:/Users/Leo/Documents/GameMakerStudio2/IcySlide/objects/BtnLvl1/BtnLvl1.yy
[12-05-2024 14:33:58] Par: "folders/Objects/Buttons/LevelSelectButtons" at dir: "C:/Users/Leo/Documents/GameMakerStudio2/IcySlide/objects/BtnLvl1/BtnLvl1.yy"
[12-05-2024 14:33:58] Found Object: BtnLvl1
[12-05-2024 14:33:58] Current parent directory: C:/Users/Leo/Documents/GameMakerStudio2/IcySlide/objects/BtnLvl10
[12-05-2024 14:33:58] Checking Mouse_7.gml
[12-05-2024 14:33:58] Checking BtnLvl10.yy
[12-05-2024 14:33:58] Parsing C:/Users/Leo/Documents/GameMakerStudio2/IcySlide/objects/BtnLvl10/BtnLvl10.yy
[12-05-2024 14:33:58] Reading C:/Users/Leo/Documents/GameMakerStudio2/IcySlide/objects/BtnLvl10/BtnLvl10.yy
[12-05-2024 14:33:58] Par: "folders/Objects/Buttons/LevelSelectButtons" at dir: "C:/Users/Leo/Documents/GameMakerStudio2/IcySlide/objects/BtnLvl10/BtnLvl10.yy"
[12-05-2024 14:33:58] Found Object: BtnLvl10
[12-05-2024 14:33:58] Current parent directory: C:/Users/Leo/Documents/GameMakerStudio2/IcySlide/objects/BtnLvl2
[12-05-2024 14:33:58] Checking Mouse_7.gml
[12-05-2024 14:33:58] Checking BtnLvl2.yy
[12-05-2024 14:33:58] Parsing C:/Users/Leo/Documents/GameMakerStudio2/IcySlide/objects/BtnLvl2/BtnLvl2.yy
[12-05-2024 14:33:58] Reading C:/Users/Leo/Documents/GameMakerStudio2/IcySlide/objects/BtnLvl2/BtnLvl2.yy
[12-05-2024 14:33:58] Par: "folders/Objects/Buttons/LevelSelectButtons" at dir: "C:/Users/Leo/Documents/GameMakerStudio2/IcySlide/objects/BtnLvl2/BtnLvl2.yy"
[12-05-2024 14:33:58] Found Object: BtnLvl2
[12-05-2024 14:33:58] Current parent directory: C:/Users/Leo/Documents/GameMakerStudio2/IcySlide/objects/BtnLvl3
[12-05-2024 14:33:58] Checking Mouse_7.gml
[12-05-2024 14:33:58] Checking BtnLvl3.yy
[12-05-2024 14:33:58] Parsing C:/Users/Leo/Documents/GameMakerStudio2/IcySlide/objects/BtnLvl3/BtnLvl3.yy
[12-05-2024 14:33:58] Reading C:/Users/Leo/Documents/GameMakerStudio2/IcySlide/objects/BtnLvl3/BtnLvl3.yy
[12-05-2024 14:33:58] Par: "folders/Objects/Buttons/LevelSelectButtons" at dir: "C:/Users/Leo/Documents/GameMakerStudio2/IcySlide/objects/BtnLvl3/BtnLvl3.yy"
[12-05-2024 14:33:58] Found Object: BtnLvl3
[12-05-2024 14:33:58] Current parent directory: C:/Users/Leo/Documents/GameMakerStudio2/IcySlide/objects/BtnLvl4
[12-05-2024 14:33:58] Checking Mouse_7.gml
[12-05-2024 14:33:58] Checking BtnLvl4.yy
[12-05-2024 14:33:58] Parsing C:/Users/Leo/Documents/GameMakerStudio2/IcySlide/objects/BtnLvl4/BtnLvl4.yy
[12-05-2024 14:33:58] Reading C:/Users/Leo/Documents/GameMakerStudio2/IcySlide/objects/BtnLvl4/BtnLvl4.yy
[12-05-2024 14:33:58] Par: "folders/Objects/Buttons/LevelSelectButtons" at dir: "C:/Users/Leo/Documents/GameMakerStudio2/IcySlide/objects/BtnLvl4/BtnLvl4.yy"
[12-05-2024 14:33:58] Found Object: BtnLvl4
[12-05-2024 14:33:58] Current parent directory: C:/Users/Leo/Documents/GameMakerStudio2/IcySlide/objects/BtnLvl5
[12-05-2024 14:33:58] Checking Mouse_7.gml
[12-05-2024 14:33:58] Checking BtnLvl5.yy
[12-05-2024 14:33:58] Parsing C:/Users/Leo/Documents/GameMakerStudio2/IcySlide/objects/BtnLvl5/BtnLvl5.yy
[12-05-2024 14:33:58] Reading C:/Users/Leo/Documents/GameMakerStudio2/IcySlide/objects/BtnLvl5/BtnLvl5.yy
[12-05-2024 14:33:58] Par: "folders/Objects/Buttons/LevelSelectButtons" at dir: "C:/Users/Leo/Documents/GameMakerStudio2/IcySlide/objects/BtnLvl5/BtnLvl5.yy"
[12-05-2024 14:33:58] Found Object: BtnLvl5
[12-05-2024 14:33:58] Current parent directory: C:/Users/Leo/Documents/GameMakerStudio2/IcySlide/objects/BtnLvl6
[12-05-2024 14:33:58] Checking Mouse_7.gml
[12-05-2024 14:33:58] Checking BtnLvl6.yy
[12-05-2024 14:33:58] Parsing C:/Users/Leo/Documents/GameMakerStudio2/IcySlide/objects/BtnLvl6/BtnLvl6.yy
[12-05-2024 14:33:58] Reading C:/Users/Leo/Documents/GameMakerStudio2/IcySlide/objects/BtnLvl6/BtnLvl6.yy
[12-05-2024 14:33:58] Par: "folders/Objects/Buttons/LevelSelectButtons" at dir: "C:/Users/Leo/Documents/GameMakerStudio2/IcySlide/objects/BtnLvl6/BtnLvl6.yy"
[12-05-2024 14:33:58] Found Object: BtnLvl6
[12-05-2024 14:33:58] Current parent directory: C:/Users/Leo/Documents/GameMakerStudio2/IcySlide/objects/BtnLvl7
[12-05-2024 14:33:58] Checking Mouse_7.gml
[12-05-2024 14:33:58] Checking BtnLvl7.yy
[12-05-2024 14:33:58] Parsing C:/Users/Leo/Documents/GameMakerStudio2/IcySlide/objects/BtnLvl7/BtnLvl7.yy
[12-05-2024 14:33:58] Reading C:/Users/Leo/Documents/GameMakerStudio2/IcySlide/objects/BtnLvl7/BtnLvl7.yy
[12-05-2024 14:33:58] Par: "folders/Objects/Buttons/LevelSelectButtons" at dir: "C:/Users/Leo/Documents/GameMakerStudio2/IcySlide/objects/BtnLvl7/BtnLvl7.yy"
[12-05-2024 14:33:58] Found Object: BtnLvl7
[12-05-2024 14:33:58] Current parent directory: C:/Users/Leo/Documents/GameMakerStudio2/IcySlide/objects/BtnLvl8
[12-05-2024 14:33:58] Checking Mouse_7.gml
[12-05-2024 14:33:58] Checking BtnLvl8.yy
[12-05-2024 14:33:58] Parsing C:/Users/Leo/Documents/GameMakerStudio2/IcySlide/objects/BtnLvl8/BtnLvl8.yy
[12-05-2024 14:33:58] Reading C:/Users/Leo/Documents/GameMakerStudio2/IcySlide/objects/BtnLvl8/BtnLvl8.yy
[12-05-2024 14:33:58] Par: "folders/Objects/Buttons/LevelSelectButtons" at dir: "C:/Users/Leo/Documents/GameMakerStudio2/IcySlide/objects/BtnLvl8/BtnLvl8.yy"
[12-05-2024 14:33:58] Found Object: BtnLvl8
[12-05-2024 14:33:58] Current parent directory: C:/Users/Leo/Documents/GameMakerStudio2/IcySlide/objects/BtnLvl9
[12-05-2024 14:33:58] Checking Mouse_7.gml
[12-05-2024 14:33:58] Checking BtnLvl9.yy
[12-05-2024 14:33:58] Parsing C:/Users/Leo/Documents/GameMakerStudio2/IcySlide/objects/BtnLvl9/BtnLvl9.yy
[12-05-2024 14:33:58] Reading C:/Users/Leo/Documents/GameMakerStudio2/IcySlide/objects/BtnLvl9/BtnLvl9.yy
[12-05-2024 14:33:58] Par: "folders/Objects/Buttons/LevelSelectButtons" at dir: "C:/Users/Leo/Documents/GameMakerStudio2/IcySlide/objects/BtnLvl9/BtnLvl9.yy"
[12-05-2024 14:33:58] Found Object: BtnLvl9
[12-05-2024 14:33:58] Current parent directory: C:/Users/Leo/Documents/GameMakerStudio2/IcySlide/objects/ObjBackgroundController
[12-05-2024 14:33:58] Checking ObjBackgroundController.yy
[12-05-2024 14:33:58] Parsing C:/Users/Leo/Documents/GameMakerStudio2/IcySlide/objects/ObjBackgroundController/ObjBackgroundController.yy
[12-05-2024 14:33:58] Reading C:/Users/Leo/Documents/GameMakerStudio2/IcySlide/objects/ObjBackgroundController/ObjBackgroundController.yy
[12-05-2024 14:33:58] Par: "folders/Objects" at dir: "C:/Users/Leo/Documents/GameMakerStudio2/IcySlide/objects/ObjBackgroundController/ObjBackgroundController.yy"
[12-05-2024 14:33:58] Found Object: ObjBackgroundController
[12-05-2024 14:33:58] Checking Create_0.gml
[12-05-2024 14:33:58] Current parent directory: C:/Users/Leo/Documents/GameMakerStudio2/IcySlide/objects/ObjBtnLevel
[12-05-2024 14:33:58] Checking ObjBtnLevel.yy
[12-05-2024 14:33:58] Parsing C:/Users/Leo/Documents/GameMakerStudio2/IcySlide/objects/ObjBtnLevel/ObjBtnLevel.yy
[12-05-2024 14:33:58] Reading C:/Users/Leo/Documents/GameMakerStudio2/IcySlide/objects/ObjBtnLevel/ObjBtnLevel.yy
[12-05-2024 14:33:58] Par: "folders/Objects/Buttons" at dir: "C:/Users/Leo/Documents/GameMakerStudio2/IcySlide/objects/ObjBtnLevel/ObjBtnLevel.yy"
[12-05-2024 14:33:58] Found Object: ObjBtnLevel
[12-05-2024 14:33:58] Checking Mouse_7.gml
[12-05-2024 14:33:58] Current parent directory: C:/Users/Leo/Documents/GameMakerStudio2/IcySlide/objects/ObjBtnLvlParent
[12-05-2024 14:33:58] Checking ObjBtnLvlParent.yy
[12-05-2024 14:33:58] Parsing C:/Users/Leo/Documents/GameMakerStudio2/IcySlide/objects/ObjBtnLvlParent/ObjBtnLvlParent.yy
[12-05-2024 14:33:58] Reading C:/Users/Leo/Documents/GameMakerStudio2/IcySlide/objects/ObjBtnLvlParent/ObjBtnLvlParent.yy
[12-05-2024 14:33:58] Par: "folders/Objects/Buttons/LevelSelectButtons" at dir: "C:/Users/Leo/Documents/GameMakerStudio2/IcySlide/objects/ObjBtnLvlParent/ObjBtnLvlParent.yy"
[12-05-2024 14:33:58] Found Object: ObjBtnLvlParent
[12-05-2024 14:33:58] Checking Mouse_7.gml
[12-05-2024 14:33:58] Checking Mouse_4.gml
[12-05-2024 14:33:58] Checking Mouse_11.gml
[12-05-2024 14:33:58] Checking Mouse_10.gml
[12-05-2024 14:33:58] Checking Draw_64.gml
[12-05-2024 14:33:58] Current parent directory: C:/Users/Leo/Documents/GameMakerStudio2/IcySlide/objects/ObjBtnOptions
[12-05-2024 14:33:58] Checking ObjBtnOptions.yy
[12-05-2024 14:33:58] Parsing C:/Users/Leo/Documents/GameMakerStudio2/IcySlide/objects/ObjBtnOptions/ObjBtnOptions.yy
[12-05-2024 14:33:58] Reading C:/Users/Leo/Documents/GameMakerStudio2/IcySlide/objects/ObjBtnOptions/ObjBtnOptions.yy
[12-05-2024 14:33:58] Par: "folders/Objects/Buttons" at dir: "C:/Users/Leo/Documents/GameMakerStudio2/IcySlide/objects/ObjBtnOptions/ObjBtnOptions.yy"
[12-05-2024 14:33:58] Found Object: ObjBtnOptions
[12-05-2024 14:33:58] Checking Mouse_7.gml
[12-05-2024 14:33:58] Current parent directory: C:/Users/Leo/Documents/GameMakerStudio2/IcySlide/objects/ObjBtnPlay
[12-05-2024 14:33:58] Checking ObjBtnPlay.yy
[12-05-2024 14:33:58] Parsing C:/Users/Leo/Documents/GameMakerStudio2/IcySlide/objects/ObjBtnPlay/ObjBtnPlay.yy
[12-05-2024 14:33:58] Reading C:/Users/Leo/Documents/GameMakerStudio2/IcySlide/objects/ObjBtnPlay/ObjBtnPlay.yy
[12-05-2024 14:33:58] Par: "folders/Objects/Buttons" at dir: "C:/Users/Leo/Documents/GameMakerStudio2/IcySlide/objects/ObjBtnPlay/ObjBtnPlay.yy"
[12-05-2024 14:33:58] Found Object: ObjBtnPlay
[12-05-2024 14:33:58] Checking Mouse_7.gml
[12-05-2024 14:33:58] Checking Mouse_4.gml
[12-05-2024 14:33:58] Current parent directory: C:/Users/Leo/Documents/GameMakerStudio2/IcySlide/objects/ObjBtnQuit
[12-05-2024 14:33:58] Checking ObjBtnQuit.yy
[12-05-2024 14:33:58] Parsing C:/Users/Leo/Documents/GameMakerStudio2/IcySlide/objects/ObjBtnQuit/ObjBtnQuit.yy
[12-05-2024 14:33:58] Reading C:/Users/Leo/Documents/GameMakerStudio2/IcySlide/objects/ObjBtnQuit/ObjBtnQuit.yy
[12-05-2024 14:33:58] Par: "folders/Objects/Buttons" at dir: "C:/Users/Leo/Documents/GameMakerStudio2/IcySlide/objects/ObjBtnQuit/ObjBtnQuit.yy"
[12-05-2024 14:33:58] Found Object: ObjBtnQuit
[12-05-2024 14:33:58] Checking Mouse_7.gml
[12-05-2024 14:33:58] Current parent directory: C:/Users/Leo/Documents/GameMakerStudio2/IcySlide/objects/ObjBtnReturn
[12-05-2024 14:33:58] Checking ObjBtnReturn.yy
[12-05-2024 14:33:58] Parsing C:/Users/Leo/Documents/GameMakerStudio2/IcySlide/objects/ObjBtnReturn/ObjBtnReturn.yy
[12-05-2024 14:33:58] Reading C:/Users/Leo/Documents/GameMakerStudio2/IcySlide/objects/ObjBtnReturn/ObjBtnReturn.yy
[12-05-2024 14:33:58] Par: "folders/Objects/Buttons" at dir: "C:/Users/Leo/Documents/GameMakerStudio2/IcySlide/objects/ObjBtnReturn/ObjBtnReturn.yy"
[12-05-2024 14:33:58] Found Object: ObjBtnReturn
[12-05-2024 14:33:58] Checking Mouse_7.gml
[12-05-2024 14:33:58] Current parent directory: C:/Users/Leo/Documents/GameMakerStudio2/IcySlide/objects/ObjButtonParent
[12-05-2024 14:33:58] Checking ObjButtonParent.yy
[12-05-2024 14:33:58] Parsing C:/Users/Leo/Documents/GameMakerStudio2/IcySlide/objects/ObjButtonParent/ObjButtonParent.yy
[12-05-2024 14:33:58] Reading C:/Users/Leo/Documents/GameMakerStudio2/IcySlide/objects/ObjButtonParent/ObjButtonParent.yy
[12-05-2024 14:33:58] Par: "folders/Objects/Buttons" at dir: "C:/Users/Leo/Documents/GameMakerStudio2/IcySlide/objects/ObjButtonParent/ObjButtonParent.yy"
[12-05-2024 14:33:58] Found Object: ObjButtonParent
[12-05-2024 14:33:58] Checking Mouse_7.gml
[12-05-2024 14:33:58] Checking Mouse_4.gml
[12-05-2024 14:33:58] Checking Mouse_11.gml
[12-05-2024 14:33:58] Checking Mouse_10.gml
[12-05-2024 14:33:58] Checking Draw_64.gml
[12-05-2024 14:33:58] Current parent directory: C:/Users/Leo/Documents/GameMakerStudio2/IcySlide/objects/ObjCollectibleFlag
[12-05-2024 14:33:58] Checking ObjCollectibleFlag.yy
[12-05-2024 14:33:58] Parsing C:/Users/Leo/Documents/GameMakerStudio2/IcySlide/objects/ObjCollectibleFlag/ObjCollectibleFlag.yy
[12-05-2024 14:33:58] Reading C:/Users/Leo/Documents/GameMakerStudio2/IcySlide/objects/ObjCollectibleFlag/ObjCollectibleFlag.yy
[12-05-2024 14:33:58] Par: "folders/Objects" at dir: "C:/Users/Leo/Documents/GameMakerStudio2/IcySlide/objects/ObjCollectibleFlag/ObjCollectibleFlag.yy"
[12-05-2024 14:33:58] Found Object: ObjCollectibleFlag
[12-05-2024 14:33:58] Checking Create_0.gml
[12-05-2024 14:33:58] Checking Collision_ObjPlayer.gml
[12-05-2024 14:33:58] Current parent directory: C:/Users/Leo/Documents/GameMakerStudio2/IcySlide/objects/ObjCrack1
[12-05-2024 14:33:58] Checking ObjCrack1.yy
[12-05-2024 14:33:58] Parsing C:/Users/Leo/Documents/GameMakerStudio2/IcySlide/objects/ObjCrack1/ObjCrack1.yy
[12-05-2024 14:33:58] Reading C:/Users/Leo/Documents/GameMakerStudio2/IcySlide/objects/ObjCrack1/ObjCrack1.yy
[12-05-2024 14:33:58] Par: "folders/Objects/Cracks" at dir: "C:/Users/Leo/Documents/GameMakerStudio2/IcySlide/objects/ObjCrack1/ObjCrack1.yy"
[12-05-2024 14:33:58] Found Object: ObjCrack1
[12-05-2024 14:33:58] Current parent directory: C:/Users/Leo/Documents/GameMakerStudio2/IcySlide/objects/ObjCrack2
[12-05-2024 14:33:58] Checking ObjCrack2.yy
[12-05-2024 14:33:58] Parsing C:/Users/Leo/Documents/GameMakerStudio2/IcySlide/objects/ObjCrack2/ObjCrack2.yy
[12-05-2024 14:33:58] Reading C:/Users/Leo/Documents/GameMakerStudio2/IcySlide/objects/ObjCrack2/ObjCrack2.yy
[12-05-2024 14:33:58] Par: "folders/Objects/Cracks" at dir: "C:/Users/Leo/Documents/GameMakerStudio2/IcySlide/objects/ObjCrack2/ObjCrack2.yy"
[12-05-2024 14:33:58] Found Object: ObjCrack2
[12-05-2024 14:33:58] Current parent directory: C:/Users/Leo/Documents/GameMakerStudio2/IcySlide/objects/ObjCrack3
[12-05-2024 14:33:58] Checking ObjCrack3.yy
[12-05-2024 14:33:58] Parsing C:/Users/Leo/Documents/GameMakerStudio2/IcySlide/objects/ObjCrack3/ObjCrack3.yy
[12-05-2024 14:33:58] Reading C:/Users/Leo/Documents/GameMakerStudio2/IcySlide/objects/ObjCrack3/ObjCrack3.yy
[12-05-2024 14:33:58] Par: "folders/Objects/Cracks" at dir: "C:/Users/Leo/Documents/GameMakerStudio2/IcySlide/objects/ObjCrack3/ObjCrack3.yy"
[12-05-2024 14:33:58] Found Object: ObjCrack3
[12-05-2024 14:33:58] Current parent directory: C:/Users/Leo/Documents/GameMakerStudio2/IcySlide/objects/ObjCrack4
[12-05-2024 14:33:58] Checking ObjCrack4.yy
[12-05-2024 14:33:58] Parsing C:/Users/Leo/Documents/GameMakerStudio2/IcySlide/objects/ObjCrack4/ObjCrack4.yy
[12-05-2024 14:33:58] Reading C:/Users/Leo/Documents/GameMakerStudio2/IcySlide/objects/ObjCrack4/ObjCrack4.yy
[12-05-2024 14:33:58] Par: "folders/Objects/Cracks" at dir: "C:/Users/Leo/Documents/GameMakerStudio2/IcySlide/objects/ObjCrack4/ObjCrack4.yy"
[12-05-2024 14:33:58] Found Object: ObjCrack4
[12-05-2024 14:33:58] Current parent directory: C:/Users/Leo/Documents/GameMakerStudio2/IcySlide/objects/ObjCrackParent
[12-05-2024 14:33:58] Checking ObjCrackParent.yy
[12-05-2024 14:33:58] Parsing C:/Users/Leo/Documents/GameMakerStudio2/IcySlide/objects/ObjCrackParent/ObjCrackParent.yy
[12-05-2024 14:33:58] Reading C:/Users/Leo/Documents/GameMakerStudio2/IcySlide/objects/ObjCrackParent/ObjCrackParent.yy
[12-05-2024 14:33:58] Par: "folders/Objects/Cracks" at dir: "C:/Users/Leo/Documents/GameMakerStudio2/IcySlide/objects/ObjCrackParent/ObjCrackParent.yy"
[12-05-2024 14:33:58] Found Object: ObjCrackParent
[12-05-2024 14:33:58] Checking Create_0.gml
[12-05-2024 14:33:58] Checking Collision_ObjPlayer.gml
[12-05-2024 14:33:58] Checking Alarm_1.gml
[12-05-2024 14:33:58] Checking Alarm_0.gml
[12-05-2024 14:33:58] Current parent directory: C:/Users/Leo/Documents/GameMakerStudio2/IcySlide/objects/ObjFlagDisplay
[12-05-2024 14:33:58] Checking Step_2.gml
[12-05-2024 14:33:58] Checking Step_0.gml
[12-05-2024 14:33:58] Checking ObjFlagDisplay.yy
[12-05-2024 14:33:58] Parsing C:/Users/Leo/Documents/GameMakerStudio2/IcySlide/objects/ObjFlagDisplay/ObjFlagDisplay.yy
[12-05-2024 14:33:58] Reading C:/Users/Leo/Documents/GameMakerStudio2/IcySlide/objects/ObjFlagDisplay/ObjFlagDisplay.yy
[12-05-2024 14:33:58] Par: "folders/Objects/HUD" at dir: "C:/Users/Leo/Documents/GameMakerStudio2/IcySlide/objects/ObjFlagDisplay/ObjFlagDisplay.yy"
[12-05-2024 14:33:58] Found Object: ObjFlagDisplay
[12-05-2024 14:33:58] Checking Draw_64.gml
[12-05-2024 14:33:58] Checking Create_0.gml
[12-05-2024 14:33:58] Current parent directory: C:/Users/Leo/Documents/GameMakerStudio2/IcySlide/objects/ObjGame
[12-05-2024 14:33:58] Checking Step_2.gml
[12-05-2024 14:33:58] Checking Other_4.gml
[12-05-2024 14:33:58] Checking ObjGame.yy
[12-05-2024 14:33:58] Parsing C:/Users/Leo/Documents/GameMakerStudio2/IcySlide/objects/ObjGame/ObjGame.yy
[12-05-2024 14:33:58] Reading C:/Users/Leo/Documents/GameMakerStudio2/IcySlide/objects/ObjGame/ObjGame.yy
[12-05-2024 14:33:58] Par: "folders/Objects" at dir: "C:/Users/Leo/Documents/GameMakerStudio2/IcySlide/objects/ObjGame/ObjGame.yy"
[12-05-2024 14:33:58] Found Object: ObjGame
[12-05-2024 14:33:58] Checking Create_0.gml
[12-05-2024 14:33:58] Current parent directory: C:/Users/Leo/Documents/GameMakerStudio2/IcySlide/objects/ObjMenuButton
[12-05-2024 14:33:58] Checking ObjMenuButton.yy
[12-05-2024 14:33:58] Parsing C:/Users/Leo/Documents/GameMakerStudio2/IcySlide/objects/ObjMenuButton/ObjMenuButton.yy
[12-05-2024 14:33:58] Reading C:/Users/Leo/Documents/GameMakerStudio2/IcySlide/objects/ObjMenuButton/ObjMenuButton.yy
[12-05-2024 14:33:58] Par: "folders/Objects/HUD" at dir: "C:/Users/Leo/Documents/GameMakerStudio2/IcySlide/objects/ObjMenuButton/ObjMenuButton.yy"
[12-05-2024 14:33:58] Found Object: ObjMenuButton
[12-05-2024 14:33:58] Checking KeyPress_36.gml
[12-05-2024 14:33:58] Checking Draw_64.gml
[12-05-2024 14:33:58] Checking Create_0.gml
[12-05-2024 14:33:58] Current parent directory: C:/Users/Leo/Documents/GameMakerStudio2/IcySlide/objects/ObjMoveDisplay
[12-05-2024 14:33:58] Checking Step_0.gml
[12-05-2024 14:33:58] Checking ObjMoveDisplay.yy
[12-05-2024 14:33:58] Parsing C:/Users/Leo/Documents/GameMakerStudio2/IcySlide/objects/ObjMoveDisplay/ObjMoveDisplay.yy
[12-05-2024 14:33:58] Reading C:/Users/Leo/Documents/GameMakerStudio2/IcySlide/objects/ObjMoveDisplay/ObjMoveDisplay.yy
[12-05-2024 14:33:58] Par: "folders/Objects/HUD" at dir: "C:/Users/Leo/Documents/GameMakerStudio2/IcySlide/objects/ObjMoveDisplay/ObjMoveDisplay.yy"
[12-05-2024 14:33:58] Found Object: ObjMoveDisplay
[12-05-2024 14:33:58] Checking Draw_64.gml
[12-05-2024 14:33:58] Checking Create_0.gml
[12-05-2024 14:33:58] Current parent directory: C:/Users/Leo/Documents/GameMakerStudio2/IcySlide/objects/ObjPlayer
[12-05-2024 14:33:58] Checking Step_0.gml
[12-05-2024 14:33:58] Checking ObjPlayer.yy
[12-05-2024 14:33:58] Parsing C:/Users/Leo/Documents/GameMakerStudio2/IcySlide/objects/ObjPlayer/ObjPlayer.yy
[12-05-2024 14:33:58] Reading C:/Users/Leo/Documents/GameMakerStudio2/IcySlide/objects/ObjPlayer/ObjPlayer.yy
[12-05-2024 14:33:58] Par: "folders/Objects" at dir: "C:/Users/Leo/Documents/GameMakerStudio2/IcySlide/objects/ObjPlayer/ObjPlayer.yy"
[12-05-2024 14:33:58] Found Object: ObjPlayer
[12-05-2024 14:33:58] Checking Gesture_68.gml
[12-05-2024 14:33:58] Checking Gesture_66.gml
[12-05-2024 14:33:58] Checking Create_0.gml
[12-05-2024 14:33:58] Current parent directory: C:/Users/Leo/Documents/GameMakerStudio2/IcySlide/objects/ObjRestartButton
[12-05-2024 14:33:58] Checking ObjRestartButton.yy
[12-05-2024 14:33:58] Parsing C:/Users/Leo/Documents/GameMakerStudio2/IcySlide/objects/ObjRestartButton/ObjRestartButton.yy
[12-05-2024 14:33:58] Reading C:/Users/Leo/Documents/GameMakerStudio2/IcySlide/objects/ObjRestartButton/ObjRestartButton.yy
[12-05-2024 14:33:58] Par: "folders/Objects/HUD" at dir: "C:/Users/Leo/Documents/GameMakerStudio2/IcySlide/objects/ObjRestartButton/ObjRestartButton.yy"
[12-05-2024 14:33:58] Found Object: ObjRestartButton
[12-05-2024 14:33:58] Checking KeyPress_13.gml
[12-05-2024 14:33:58] Checking Draw_64.gml
[12-05-2024 14:33:58] Checking Create_0.gml
[12-05-2024 14:33:58] Current parent directory: C:/Users/Leo/Documents/GameMakerStudio2/IcySlide/objects/ObjWall
[12-05-2024 14:33:58] Checking ObjWall.yy
[12-05-2024 14:33:58] Parsing C:/Users/Leo/Documents/GameMakerStudio2/IcySlide/objects/ObjWall/ObjWall.yy
[12-05-2024 14:33:58] Reading C:/Users/Leo/Documents/GameMakerStudio2/IcySlide/objects/ObjWall/ObjWall.yy
[12-05-2024 14:33:58] Par: "folders/Objects" at dir: "C:/Users/Leo/Documents/GameMakerStudio2/IcySlide/objects/ObjWall/ObjWall.yy"
[12-05-2024 14:33:58] Found Object: ObjWall
[12-05-2024 14:33:58] Current parent directory: C:/Users/Leo/Documents/GameMakerStudio2/IcySlide/options
[12-05-2024 14:33:58] Checking windows
[12-05-2024 14:33:58] Directory: C:/Users/Leo/Documents/GameMakerStudio2/IcySlide/options/windows
[12-05-2024 14:33:58] Checking tvos
[12-05-2024 14:33:58] Directory: C:/Users/Leo/Documents/GameMakerStudio2/IcySlide/options/tvos
[12-05-2024 14:33:58] Checking operagx
[12-05-2024 14:33:58] Directory: C:/Users/Leo/Documents/GameMakerStudio2/IcySlide/options/operagx
[12-05-2024 14:33:58] Checking main
[12-05-2024 14:33:58] Directory: C:/Users/Leo/Documents/GameMakerStudio2/IcySlide/options/main
[12-05-2024 14:33:58] Checking mac
[12-05-2024 14:33:58] Directory: C:/Users/Leo/Documents/GameMakerStudio2/IcySlide/options/mac
[12-05-2024 14:33:58] Checking linux
[12-05-2024 14:33:58] Directory: C:/Users/Leo/Documents/GameMakerStudio2/IcySlide/options/linux
[12-05-2024 14:33:58] Checking ios
[12-05-2024 14:33:58] Directory: C:/Users/Leo/Documents/GameMakerStudio2/IcySlide/options/ios
[12-05-2024 14:33:58] Checking html5
[12-05-2024 14:33:58] Directory: C:/Users/Leo/Documents/GameMakerStudio2/IcySlide/options/html5
[12-05-2024 14:33:58] Checking android
[12-05-2024 14:33:58] Directory: C:/Users/Leo/Documents/GameMakerStudio2/IcySlide/options/android
[12-05-2024 14:33:58] Current parent directory: C:/Users/Leo/Documents/GameMakerStudio2/IcySlide/options/android
[12-05-2024 14:33:58] Checking options_android.yy
[12-05-2024 14:33:58] Parsing C:/Users/Leo/Documents/GameMakerStudio2/IcySlide/options/android/options_android.yy
[12-05-2024 14:33:58] Reading C:/Users/Leo/Documents/GameMakerStudio2/IcySlide/options/android/options_android.yy
[12-05-2024 14:33:58] Current parent directory: C:/Users/Leo/Documents/GameMakerStudio2/IcySlide/options/html5
[12-05-2024 14:33:58] Checking options_html5.yy
[12-05-2024 14:33:58] Parsing C:/Users/Leo/Documents/GameMakerStudio2/IcySlide/options/html5/options_html5.yy
[12-05-2024 14:33:58] Reading C:/Users/Leo/Documents/GameMakerStudio2/IcySlide/options/html5/options_html5.yy
[12-05-2024 14:33:58] Current parent directory: C:/Users/Leo/Documents/GameMakerStudio2/IcySlide/options/ios
[12-05-2024 14:33:58] Checking options_ios.yy
[12-05-2024 14:33:58] Parsing C:/Users/Leo/Documents/GameMakerStudio2/IcySlide/options/ios/options_ios.yy
[12-05-2024 14:33:58] Reading C:/Users/Leo/Documents/GameMakerStudio2/IcySlide/options/ios/options_ios.yy
[12-05-2024 14:33:58] Current parent directory: C:/Users/Leo/Documents/GameMakerStudio2/IcySlide/options/linux
[12-05-2024 14:33:58] Checking options_linux.yy
[12-05-2024 14:33:58] Parsing C:/Users/Leo/Documents/GameMakerStudio2/IcySlide/options/linux/options_linux.yy
[12-05-2024 14:33:58] Reading C:/Users/Leo/Documents/GameMakerStudio2/IcySlide/options/linux/options_linux.yy
[12-05-2024 14:33:58] Current parent directory: C:/Users/Leo/Documents/GameMakerStudio2/IcySlide/options/mac
[12-05-2024 14:33:58] Checking options_mac.yy
[12-05-2024 14:33:58] Parsing C:/Users/Leo/Documents/GameMakerStudio2/IcySlide/options/mac/options_mac.yy
[12-05-2024 14:33:58] Reading C:/Users/Leo/Documents/GameMakerStudio2/IcySlide/options/mac/options_mac.yy
[12-05-2024 14:33:58] Current parent directory: C:/Users/Leo/Documents/GameMakerStudio2/IcySlide/options/main
[12-05-2024 14:33:58] Checking options_main.yy
[12-05-2024 14:33:58] Parsing C:/Users/Leo/Documents/GameMakerStudio2/IcySlide/options/main/options_main.yy
[12-05-2024 14:33:58] Reading C:/Users/Leo/Documents/GameMakerStudio2/IcySlide/options/main/options_main.yy
[12-05-2024 14:33:58] Current parent directory: C:/Users/Leo/Documents/GameMakerStudio2/IcySlide/options/operagx
[12-05-2024 14:33:58] Checking options_operagx.yy
[12-05-2024 14:33:58] Parsing C:/Users/Leo/Documents/GameMakerStudio2/IcySlide/options/operagx/options_operagx.yy
[12-05-2024 14:33:58] Reading C:/Users/Leo/Documents/GameMakerStudio2/IcySlide/options/operagx/options_operagx.yy
[12-05-2024 14:33:58] Current parent directory: C:/Users/Leo/Documents/GameMakerStudio2/IcySlide/options/tvos
[12-05-2024 14:33:58] Checking options_tvos.yy
[12-05-2024 14:33:58] Parsing C:/Users/Leo/Documents/GameMakerStudio2/IcySlide/options/tvos/options_tvos.yy
[12-05-2024 14:33:58] Reading C:/Users/Leo/Documents/GameMakerStudio2/IcySlide/options/tvos/options_tvos.yy
[12-05-2024 14:33:58] Current parent directory: C:/Users/Leo/Documents/GameMakerStudio2/IcySlide/options/windows
[12-05-2024 14:33:58] Checking options_windows.yy
[12-05-2024 14:33:58] Parsing C:/Users/Leo/Documents/GameMakerStudio2/IcySlide/options/windows/options_windows.yy
[12-05-2024 14:33:58] Reading C:/Users/Leo/Documents/GameMakerStudio2/IcySlide/options/windows/options_windows.yy
[12-05-2024 14:33:58] Current parent directory: C:/Users/Leo/Documents/GameMakerStudio2/IcySlide/paths
[12-05-2024 14:33:58] Current parent directory: C:/Users/Leo/Documents/GameMakerStudio2/IcySlide/rooms
[12-05-2024 14:33:58] Checking StartMenu
[12-05-2024 14:33:58] Directory: C:/Users/Leo/Documents/GameMakerStudio2/IcySlide/rooms/StartMenu
[12-05-2024 14:33:58] Checking Room1
[12-05-2024 14:33:58] Directory: C:/Users/Leo/Documents/GameMakerStudio2/IcySlide/rooms/Room1
[12-05-2024 14:33:58] Checking OptionsMenu
[12-05-2024 14:33:58] Directory: C:/Users/Leo/Documents/GameMakerStudio2/IcySlide/rooms/OptionsMenu
[12-05-2024 14:33:58] Checking LevelSelectMenu
[12-05-2024 14:33:58] Directory: C:/Users/Leo/Documents/GameMakerStudio2/IcySlide/rooms/LevelSelectMenu
[12-05-2024 14:33:58] Checking Level9
[12-05-2024 14:33:58] Directory: C:/Users/Leo/Documents/GameMakerStudio2/IcySlide/rooms/Level9
[12-05-2024 14:33:58] Checking Level7
[12-05-2024 14:33:58] Directory: C:/Users/Leo/Documents/GameMakerStudio2/IcySlide/rooms/Level7
[12-05-2024 14:33:58] Checking Level6
[12-05-2024 14:33:58] Directory: C:/Users/Leo/Documents/GameMakerStudio2/IcySlide/rooms/Level6
[12-05-2024 14:33:58] Checking Level5
[12-05-2024 14:33:58] Directory: C:/Users/Leo/Documents/GameMakerStudio2/IcySlide/rooms/Level5
[12-05-2024 14:33:58] Checking Level4
[12-05-2024 14:33:58] Directory: C:/Users/Leo/Documents/GameMakerStudio2/IcySlide/rooms/Level4
[12-05-2024 14:33:58] Checking Level3
[12-05-2024 14:33:58] Directory: C:/Users/Leo/Documents/GameMakerStudio2/IcySlide/rooms/Level3
[12-05-2024 14:33:58] Checking Level2
[12-05-2024 14:33:58] Directory: C:/Users/Leo/Documents/GameMakerStudio2/IcySlide/rooms/Level2
[12-05-2024 14:33:58] Checking Level10
[12-05-2024 14:33:58] Directory: C:/Users/Leo/Documents/GameMakerStudio2/IcySlide/rooms/Level10
[12-05-2024 14:33:58] Checking Level1
[12-05-2024 14:33:58] Directory: C:/Users/Leo/Documents/GameMakerStudio2/IcySlide/rooms/Level1
[12-05-2024 14:33:58] Checking BlankLevelTemplate
[12-05-2024 14:33:58] Directory: C:/Users/Leo/Documents/GameMakerStudio2/IcySlide/rooms/BlankLevelTemplate
[12-05-2024 14:33:58] Current parent directory: C:/Users/Leo/Documents/GameMakerStudio2/IcySlide/rooms/BlankLevelTemplate
[12-05-2024 14:33:58] Checking BlankLevelTemplate.yy
[12-05-2024 14:33:58] Parsing C:/Users/Leo/Documents/GameMakerStudio2/IcySlide/rooms/BlankLevelTemplate/BlankLevelTemplate.yy
[12-05-2024 14:33:58] Reading C:/Users/Leo/Documents/GameMakerStudio2/IcySlide/rooms/BlankLevelTemplate/BlankLevelTemplate.yy
[12-05-2024 14:33:58] Par: "folders/Rooms" at dir: "C:/Users/Leo/Documents/GameMakerStudio2/IcySlide/rooms/BlankLevelTemplate/BlankLevelTemplate.yy"
[12-05-2024 14:33:58] Found Room: BlankLevelTemplate
[12-05-2024 14:33:58] Current parent directory: C:/Users/Leo/Documents/GameMakerStudio2/IcySlide/rooms/Level1
[12-05-2024 14:33:58] Checking Level1.yy
[12-05-2024 14:33:58] Parsing C:/Users/Leo/Documents/GameMakerStudio2/IcySlide/rooms/Level1/Level1.yy
[12-05-2024 14:33:58] Reading C:/Users/Leo/Documents/GameMakerStudio2/IcySlide/rooms/Level1/Level1.yy
[12-05-2024 14:33:58] Par: "folders/Rooms" at dir: "C:/Users/Leo/Documents/GameMakerStudio2/IcySlide/rooms/Level1/Level1.yy"
[12-05-2024 14:33:58] Found Room: Level1
[12-05-2024 14:33:58] Current parent directory: C:/Users/Leo/Documents/GameMakerStudio2/IcySlide/rooms/Level10
[12-05-2024 14:33:58] Checking Level10.yy
[12-05-2024 14:33:58] Parsing C:/Users/Leo/Documents/GameMakerStudio2/IcySlide/rooms/Level10/Level10.yy
[12-05-2024 14:33:58] Reading C:/Users/Leo/Documents/GameMakerStudio2/IcySlide/rooms/Level10/Level10.yy
[12-05-2024 14:33:58] Par: "folders/Rooms" at dir: "C:/Users/Leo/Documents/GameMakerStudio2/IcySlide/rooms/Level10/Level10.yy"
[12-05-2024 14:33:58] Found Room: Level10
[12-05-2024 14:33:58] Current parent directory: C:/Users/Leo/Documents/GameMakerStudio2/IcySlide/rooms/Level2
[12-05-2024 14:33:58] Checking Level2.yy
[12-05-2024 14:33:58] Parsing C:/Users/Leo/Documents/GameMakerStudio2/IcySlide/rooms/Level2/Level2.yy
[12-05-2024 14:33:58] Reading C:/Users/Leo/Documents/GameMakerStudio2/IcySlide/rooms/Level2/Level2.yy
[12-05-2024 14:33:58] Par: "folders/Rooms" at dir: "C:/Users/Leo/Documents/GameMakerStudio2/IcySlide/rooms/Level2/Level2.yy"
[12-05-2024 14:33:58] Found Room: Level2
[12-05-2024 14:33:58] Current parent directory: C:/Users/Leo/Documents/GameMakerStudio2/IcySlide/rooms/Level3
[12-05-2024 14:33:58] Checking Level3.yy
[12-05-2024 14:33:58] Parsing C:/Users/Leo/Documents/GameMakerStudio2/IcySlide/rooms/Level3/Level3.yy
[12-05-2024 14:33:58] Reading C:/Users/Leo/Documents/GameMakerStudio2/IcySlide/rooms/Level3/Level3.yy
[12-05-2024 14:33:58] Par: "folders/Rooms" at dir: "C:/Users/Leo/Documents/GameMakerStudio2/IcySlide/rooms/Level3/Level3.yy"
[12-05-2024 14:33:58] Found Room: Level3
[12-05-2024 14:33:58] Current parent directory: C:/Users/Leo/Documents/GameMakerStudio2/IcySlide/rooms/Level4
[12-05-2024 14:33:58] Checking Level4.yy
[12-05-2024 14:33:58] Parsing C:/Users/Leo/Documents/GameMakerStudio2/IcySlide/rooms/Level4/Level4.yy
[12-05-2024 14:33:58] Reading C:/Users/Leo/Documents/GameMakerStudio2/IcySlide/rooms/Level4/Level4.yy
[12-05-2024 14:33:58] Par: "folders/Rooms" at dir: "C:/Users/Leo/Documents/GameMakerStudio2/IcySlide/rooms/Level4/Level4.yy"
[12-05-2024 14:33:58] Found Room: Level4
[12-05-2024 14:33:58] Current parent directory: C:/Users/Leo/Documents/GameMakerStudio2/IcySlide/rooms/Level5
[12-05-2024 14:33:58] Checking Level5.yy
[12-05-2024 14:33:58] Parsing C:/Users/Leo/Documents/GameMakerStudio2/IcySlide/rooms/Level5/Level5.yy
[12-05-2024 14:33:58] Reading C:/Users/Leo/Documents/GameMakerStudio2/IcySlide/rooms/Level5/Level5.yy
[12-05-2024 14:33:58] Par: "folders/Rooms" at dir: "C:/Users/Leo/Documents/GameMakerStudio2/IcySlide/rooms/Level5/Level5.yy"
[12-05-2024 14:33:58] Found Room: Level5
[12-05-2024 14:33:58] Current parent directory: C:/Users/Leo/Documents/GameMakerStudio2/IcySlide/rooms/Level6
[12-05-2024 14:33:58] Checking Level6.yy
[12-05-2024 14:33:58] Parsing C:/Users/Leo/Documents/GameMakerStudio2/IcySlide/rooms/Level6/Level6.yy
[12-05-2024 14:33:58] Reading C:/Users/Leo/Documents/GameMakerStudio2/IcySlide/rooms/Level6/Level6.yy
[12-05-2024 14:33:58] Par: "folders/Rooms" at dir: "C:/Users/Leo/Documents/GameMakerStudio2/IcySlide/rooms/Level6/Level6.yy"
[12-05-2024 14:33:58] Found Room: Level6
[12-05-2024 14:33:58] Current parent directory: C:/Users/Leo/Documents/GameMakerStudio2/IcySlide/rooms/Level7
[12-05-2024 14:33:58] Checking Level7.yy
[12-05-2024 14:33:58] Parsing C:/Users/Leo/Documents/GameMakerStudio2/IcySlide/rooms/Level7/Level7.yy
[12-05-2024 14:33:58] Reading C:/Users/Leo/Documents/GameMakerStudio2/IcySlide/rooms/Level7/Level7.yy
[12-05-2024 14:33:58] Par: "folders/Rooms" at dir: "C:/Users/Leo/Documents/GameMakerStudio2/IcySlide/rooms/Level7/Level7.yy"
[12-05-2024 14:33:58] Found Room: Level7
[12-05-2024 14:33:58] Current parent directory: C:/Users/Leo/Documents/GameMakerStudio2/IcySlide/rooms/Level9
[12-05-2024 14:33:58] Checking Level9.yy
[12-05-2024 14:33:58] Parsing C:/Users/Leo/Documents/GameMakerStudio2/IcySlide/rooms/Level9/Level9.yy
[12-05-2024 14:33:58] Reading C:/Users/Leo/Documents/GameMakerStudio2/IcySlide/rooms/Level9/Level9.yy
[12-05-2024 14:33:58] Par: "folders/Rooms" at dir: "C:/Users/Leo/Documents/GameMakerStudio2/IcySlide/rooms/Level9/Level9.yy"
[12-05-2024 14:33:58] Found Room: Level9
[12-05-2024 14:33:58] Current parent directory: C:/Users/Leo/Documents/GameMakerStudio2/IcySlide/rooms/LevelSelectMenu
[12-05-2024 14:33:58] Checking LevelSelectMenu.yy
[12-05-2024 14:33:58] Parsing C:/Users/Leo/Documents/GameMakerStudio2/IcySlide/rooms/LevelSelectMenu/LevelSelectMenu.yy
[12-05-2024 14:33:58] Reading C:/Users/Leo/Documents/GameMakerStudio2/IcySlide/rooms/LevelSelectMenu/LevelSelectMenu.yy
[12-05-2024 14:33:58] Par: "folders/Rooms" at dir: "C:/Users/Leo/Documents/GameMakerStudio2/IcySlide/rooms/LevelSelectMenu/LevelSelectMenu.yy"
[12-05-2024 14:33:58] Found Room: LevelSelectMenu
[12-05-2024 14:33:58] Current parent directory: C:/Users/Leo/Documents/GameMakerStudio2/IcySlide/rooms/OptionsMenu
[12-05-2024 14:33:58] Checking OptionsMenu.yy
[12-05-2024 14:33:58] Parsing C:/Users/Leo/Documents/GameMakerStudio2/IcySlide/rooms/OptionsMenu/OptionsMenu.yy
[12-05-2024 14:33:58] Reading C:/Users/Leo/Documents/GameMakerStudio2/IcySlide/rooms/OptionsMenu/OptionsMenu.yy
[12-05-2024 14:33:58] Par: "folders/Rooms" at dir: "C:/Users/Leo/Documents/GameMakerStudio2/IcySlide/rooms/OptionsMenu/OptionsMenu.yy"
[12-05-2024 14:33:58] Found Room: OptionsMenu
[12-05-2024 14:33:58] Current parent directory: C:/Users/Leo/Documents/GameMakerStudio2/IcySlide/rooms/Room1
[12-05-2024 14:33:58] Checking Room1.yy
[12-05-2024 14:33:58] Parsing C:/Users/Leo/Documents/GameMakerStudio2/IcySlide/rooms/Room1/Room1.yy
[12-05-2024 14:33:58] Reading C:/Users/Leo/Documents/GameMakerStudio2/IcySlide/rooms/Room1/Room1.yy
[12-05-2024 14:33:58] Par: "folders/Rooms" at dir: "C:/Users/Leo/Documents/GameMakerStudio2/IcySlide/rooms/Room1/Room1.yy"
[12-05-2024 14:33:58] Found Room: Room1
[12-05-2024 14:33:58] Current parent directory: C:/Users/Leo/Documents/GameMakerStudio2/IcySlide/rooms/StartMenu
[12-05-2024 14:33:58] Checking StartMenu.yy
[12-05-2024 14:33:58] Parsing C:/Users/Leo/Documents/GameMakerStudio2/IcySlide/rooms/StartMenu/StartMenu.yy
[12-05-2024 14:33:58] Reading C:/Users/Leo/Documents/GameMakerStudio2/IcySlide/rooms/StartMenu/StartMenu.yy
[12-05-2024 14:33:58] Par: "folders/Rooms" at dir: "C:/Users/Leo/Documents/GameMakerStudio2/IcySlide/rooms/StartMenu/StartMenu.yy"
[12-05-2024 14:33:58] Found Room: StartMenu
[12-05-2024 14:33:58] Current parent directory: C:/Users/Leo/Documents/GameMakerStudio2/IcySlide/scripts
[12-05-2024 14:33:58] Checking vector2
[12-05-2024 14:33:58] Directory: C:/Users/Leo/Documents/GameMakerStudio2/IcySlide/scripts/vector2
[12-05-2024 14:33:58] Checking variable_init
[12-05-2024 14:33:58] Directory: C:/Users/Leo/Documents/GameMakerStudio2/IcySlide/scripts/variable_init
[12-05-2024 14:33:58] Checking level_complete
[12-05-2024 14:33:58] Directory: C:/Users/Leo/Documents/GameMakerStudio2/IcySlide/scripts/level_complete
[12-05-2024 14:33:58] Checking fall_in_water
[12-05-2024 14:33:58] Directory: C:/Users/Leo/Documents/GameMakerStudio2/IcySlide/scripts/fall_in_water
[12-05-2024 14:33:58] Checking destination_reached
[12-05-2024 14:33:58] Directory: C:/Users/Leo/Documents/GameMakerStudio2/IcySlide/scripts/destination_reached
[12-05-2024 14:33:58] Current parent directory: C:/Users/Leo/Documents/GameMakerStudio2/IcySlide/scripts/destination_reached
[12-05-2024 14:33:58] Checking destination_reached.yy
[12-05-2024 14:33:58] Parsing C:/Users/Leo/Documents/GameMakerStudio2/IcySlide/scripts/destination_reached/destination_reached.yy
[12-05-2024 14:33:58] Reading C:/Users/Leo/Documents/GameMakerStudio2/IcySlide/scripts/destination_reached/destination_reached.yy
[12-05-2024 14:33:58] Par: "folders/Scripts" at dir: "C:/Users/Leo/Documents/GameMakerStudio2/IcySlide/scripts/destination_reached/destination_reached.yy"
[12-05-2024 14:33:58] Found Script: destination_reached
[12-05-2024 14:33:58] Checking destination_reached.gml
[12-05-2024 14:33:58] Current parent directory: C:/Users/Leo/Documents/GameMakerStudio2/IcySlide/scripts/fall_in_water
[12-05-2024 14:33:58] Checking fall_in_water.yy
[12-05-2024 14:33:58] Parsing C:/Users/Leo/Documents/GameMakerStudio2/IcySlide/scripts/fall_in_water/fall_in_water.yy
[12-05-2024 14:33:58] Reading C:/Users/Leo/Documents/GameMakerStudio2/IcySlide/scripts/fall_in_water/fall_in_water.yy
[12-05-2024 14:33:58] Par: "folders/Scripts" at dir: "C:/Users/Leo/Documents/GameMakerStudio2/IcySlide/scripts/fall_in_water/fall_in_water.yy"
[12-05-2024 14:33:58] Found Script: fall_in_water
[12-05-2024 14:33:58] Checking fall_in_water.gml
[12-05-2024 14:33:58] Current parent directory: C:/Users/Leo/Documents/GameMakerStudio2/IcySlide/scripts/level_complete
[12-05-2024 14:33:58] Checking level_complete.yy
[12-05-2024 14:33:58] Parsing C:/Users/Leo/Documents/GameMakerStudio2/IcySlide/scripts/level_complete/level_complete.yy
[12-05-2024 14:33:58] Reading C:/Users/Leo/Documents/GameMakerStudio2/IcySlide/scripts/level_complete/level_complete.yy
[12-05-2024 14:33:58] Par: "folders/Scripts" at dir: "C:/Users/Leo/Documents/GameMakerStudio2/IcySlide/scripts/level_complete/level_complete.yy"
[12-05-2024 14:33:58] Found Script: level_complete
[12-05-2024 14:33:58] Checking level_complete.gml
[12-05-2024 14:33:58] Current parent directory: C:/Users/Leo/Documents/GameMakerStudio2/IcySlide/scripts/variable_init
[12-05-2024 14:33:58] Checking variable_init.yy
[12-05-2024 14:33:58] Parsing C:/Users/Leo/Documents/GameMakerStudio2/IcySlide/scripts/variable_init/variable_init.yy
[12-05-2024 14:33:58] Reading C:/Users/Leo/Documents/GameMakerStudio2/IcySlide/scripts/variable_init/variable_init.yy
[12-05-2024 14:33:58] Par: "folders/Scripts" at dir: "C:/Users/Leo/Documents/GameMakerStudio2/IcySlide/scripts/variable_init/variable_init.yy"
[12-05-2024 14:33:58] Found Script: variable_init
[12-05-2024 14:33:58] Checking variable_init.gml
[12-05-2024 14:33:58] Current parent directory: C:/Users/Leo/Documents/GameMakerStudio2/IcySlide/scripts/vector2
[12-05-2024 14:33:58] Checking vector2.yy
[12-05-2024 14:33:58] Parsing C:/Users/Leo/Documents/GameMakerStudio2/IcySlide/scripts/vector2/vector2.yy
[12-05-2024 14:33:58] Reading C:/Users/Leo/Documents/GameMakerStudio2/IcySlide/scripts/vector2/vector2.yy
[12-05-2024 14:33:58] Par: "folders/Scripts" at dir: "C:/Users/Leo/Documents/GameMakerStudio2/IcySlide/scripts/vector2/vector2.yy"
[12-05-2024 14:33:58] Found Script: vector2
[12-05-2024 14:33:58] Checking vector2.gml
[12-05-2024 14:33:58] Current parent directory: C:/Users/Leo/Documents/GameMakerStudio2/IcySlide/sequences
[12-05-2024 14:33:58] Current parent directory: C:/Users/Leo/Documents/GameMakerStudio2/IcySlide/shaders
[12-05-2024 14:33:58] Current parent directory: C:/Users/Leo/Documents/GameMakerStudio2/IcySlide/sounds
[12-05-2024 14:33:58] Current parent directory: C:/Users/Leo/Documents/GameMakerStudio2/IcySlide/sprites
[12-05-2024 14:33:58] Checking SprStars
[12-05-2024 14:33:58] Directory: C:/Users/Leo/Documents/GameMakerStudio2/IcySlide/sprites/SprStars
[12-05-2024 14:33:58] Checking SprSplash
[12-05-2024 14:33:58] Directory: C:/Users/Leo/Documents/GameMakerStudio2/IcySlide/sprites/SprSplash
[12-05-2024 14:33:58] Checking SprSlidingRock
[12-05-2024 14:33:58] Directory: C:/Users/Leo/Documents/GameMakerStudio2/IcySlide/sprites/SprSlidingRock
[12-05-2024 14:33:58] Checking SprRock
[12-05-2024 14:33:58] Directory: C:/Users/Leo/Documents/GameMakerStudio2/IcySlide/sprites/SprRock
[12-05-2024 14:33:58] Checking SprResetBtn
[12-05-2024 14:33:58] Directory: C:/Users/Leo/Documents/GameMakerStudio2/IcySlide/sprites/SprResetBtn
[12-05-2024 14:33:58] Checking SprMenuBtn
[12-05-2024 14:33:58] Directory: C:/Users/Leo/Documents/GameMakerStudio2/IcySlide/sprites/SprMenuBtn
[12-05-2024 14:33:58] Checking SprLvlBtn
[12-05-2024 14:33:58] Directory: C:/Users/Leo/Documents/GameMakerStudio2/IcySlide/sprites/SprLvlBtn
[12-05-2024 14:33:58] Checking SprLogo
[12-05-2024 14:33:58] Directory: C:/Users/Leo/Documents/GameMakerStudio2/IcySlide/sprites/SprLogo
[12-05-2024 14:33:58] Checking SprIceTiles
[12-05-2024 14:33:58] Directory: C:/Users/Leo/Documents/GameMakerStudio2/IcySlide/sprites/SprIceTiles
[12-05-2024 14:33:58] Checking SprHudBg
[12-05-2024 14:33:58] Directory: C:/Users/Leo/Documents/GameMakerStudio2/IcySlide/sprites/SprHudBg
[12-05-2024 14:33:58] Checking SprFoxUp
[12-05-2024 14:33:58] Directory: C:/Users/Leo/Documents/GameMakerStudio2/IcySlide/sprites/SprFoxUp
[12-05-2024 14:33:58] Checking SprFoxRight
[12-05-2024 14:33:58] Directory: C:/Users/Leo/Documents/GameMakerStudio2/IcySlide/sprites/SprFoxRight
[12-05-2024 14:33:58] Checking SprFoxLeft
[12-05-2024 14:33:58] Directory: C:/Users/Leo/Documents/GameMakerStudio2/IcySlide/sprites/SprFoxLeft
[12-05-2024 14:33:58] Checking SprFoxDown
[12-05-2024 14:33:58] Directory: C:/Users/Leo/Documents/GameMakerStudio2/IcySlide/sprites/SprFoxDown
[12-05-2024 14:33:58] Checking SprCrack4
[12-05-2024 14:33:58] Directory: C:/Users/Leo/Documents/GameMakerStudio2/IcySlide/sprites/SprCrack4
[12-05-2024 14:33:58] Checking SprCrack3
[12-05-2024 14:33:58] Directory: C:/Users/Leo/Documents/GameMakerStudio2/IcySlide/sprites/SprCrack3
[12-05-2024 14:33:58] Checking SprCrack2
[12-05-2024 14:33:58] Directory: C:/Users/Leo/Documents/GameMakerStudio2/IcySlide/sprites/SprCrack2
[12-05-2024 14:33:58] Checking SprCrack1
[12-05-2024 14:33:58] Directory: C:/Users/Leo/Documents/GameMakerStudio2/IcySlide/sprites/SprCrack1
[12-05-2024 14:33:58] Checking SprCollectibleFlag
[12-05-2024 14:33:58] Directory: C:/Users/Leo/Documents/GameMakerStudio2/IcySlide/sprites/SprCollectibleFlag
[12-05-2024 14:33:58] Checking SprButton
[12-05-2024 14:33:58] Directory: C:/Users/Leo/Documents/GameMakerStudio2/IcySlide/sprites/SprButton
[12-05-2024 14:33:58] Current parent directory: C:/Users/Leo/Documents/GameMakerStudio2/IcySlide/sprites/SprButton
[12-05-2024 14:33:58] Checking SprButton.yy
[12-05-2024 14:33:58] Parsing C:/Users/Leo/Documents/GameMakerStudio2/IcySlide/sprites/SprButton/SprButton.yy
[12-05-2024 14:33:58] Reading C:/Users/Leo/Documents/GameMakerStudio2/IcySlide/sprites/SprButton/SprButton.yy
[12-05-2024 14:33:58] Par: "folders/Sprites" at dir: "C:/Users/Leo/Documents/GameMakerStudio2/IcySlide/sprites/SprButton/SprButton.yy"
[12-05-2024 14:33:58] Found Sprite: SprButton
[12-05-2024 14:33:58] Checking layers
[12-05-2024 14:33:58] Directory: C:/Users/Leo/Documents/GameMakerStudio2/IcySlide/sprites/SprButton/layers
[12-05-2024 14:33:58] Checking 7400098e-77ca-4d20-8f78-3cf423dd3799.png
[12-05-2024 14:33:58] Current parent directory: C:/Users/Leo/Documents/GameMakerStudio2/IcySlide/sprites/SprButton/layers
[12-05-2024 14:33:58] Checking 7400098e-77ca-4d20-8f78-3cf423dd3799
[12-05-2024 14:33:58] Directory: C:/Users/Leo/Documents/GameMakerStudio2/IcySlide/sprites/SprButton/layers/7400098e-77ca-4d20-8f78-3cf423dd3799
[12-05-2024 14:33:58] Current parent directory: C:/Users/Leo/Documents/GameMakerStudio2/IcySlide/sprites/SprButton/layers/7400098e-77ca-4d20-8f78-3cf423dd3799
[12-05-2024 14:33:58] Checking e9e91643-d4c9-46b8-ae5a-c1f0e23ececc.png
[12-05-2024 14:33:58] Checking d06cc62b-ceac-4998-8e0a-06c434550914.png
[12-05-2024 14:33:58] Current parent directory: C:/Users/Leo/Documents/GameMakerStudio2/IcySlide/sprites/SprCollectibleFlag
[12-05-2024 14:33:58] Checking SprCollectibleFlag.yy
[12-05-2024 14:33:58] Parsing C:/Users/Leo/Documents/GameMakerStudio2/IcySlide/sprites/SprCollectibleFlag/SprCollectibleFlag.yy
[12-05-2024 14:33:58] Reading C:/Users/Leo/Documents/GameMakerStudio2/IcySlide/sprites/SprCollectibleFlag/SprCollectibleFlag.yy
[12-05-2024 14:33:58] Par: "folders/Sprites" at dir: "C:/Users/Leo/Documents/GameMakerStudio2/IcySlide/sprites/SprCollectibleFlag/SprCollectibleFlag.yy"
[12-05-2024 14:33:58] Found Sprite: SprCollectibleFlag
[12-05-2024 14:33:58] Checking layers
[12-05-2024 14:33:58] Directory: C:/Users/Leo/Documents/GameMakerStudio2/IcySlide/sprites/SprCollectibleFlag/layers
[12-05-2024 14:33:58] Checking fc357313-0e6c-4854-a4ab-e89582349927.png
[12-05-2024 14:33:58] Checking e4ae20c4-136e-4b9e-a7a2-130e6c2c73aa.png
[12-05-2024 14:33:58] Checking 6908dd55-aef3-4085-be88-224688d1eed6.png
[12-05-2024 14:33:58] Checking 6056c8ee-709b-4353-867d-9ec8d1fb88b2.png
[12-05-2024 14:33:58] Current parent directory: C:/Users/Leo/Documents/GameMakerStudio2/IcySlide/sprites/SprCollectibleFlag/layers
[12-05-2024 14:33:58] Checking fc357313-0e6c-4854-a4ab-e89582349927
[12-05-2024 14:33:58] Directory: C:/Users/Leo/Documents/GameMakerStudio2/IcySlide/sprites/SprCollectibleFlag/layers/fc357313-0e6c-4854-a4ab-e89582349927
[12-05-2024 14:33:58] Checking e4ae20c4-136e-4b9e-a7a2-130e6c2c73aa
[12-05-2024 14:33:58] Directory: C:/Users/Leo/Documents/GameMakerStudio2/IcySlide/sprites/SprCollectibleFlag/layers/e4ae20c4-136e-4b9e-a7a2-130e6c2c73aa
[12-05-2024 14:33:58] Checking 6908dd55-aef3-4085-be88-224688d1eed6
[12-05-2024 14:33:58] Directory: C:/Users/Leo/Documents/GameMakerStudio2/IcySlide/sprites/SprCollectibleFlag/layers/6908dd55-aef3-4085-be88-224688d1eed6
[12-05-2024 14:33:58] Checking 6056c8ee-709b-4353-867d-9ec8d1fb88b2
[12-05-2024 14:33:58] Directory: C:/Users/Leo/Documents/GameMakerStudio2/IcySlide/sprites/SprCollectibleFlag/layers/6056c8ee-709b-4353-867d-9ec8d1fb88b2
[12-05-2024 14:33:58] Current parent directory: C:/Users/Leo/Documents/GameMakerStudio2/IcySlide/sprites/SprCollectibleFlag/layers/6056c8ee-709b-4353-867d-9ec8d1fb88b2
[12-05-2024 14:33:58] Checking ea75c449-1f49-4672-9f3b-e2d7286b270f.png
[12-05-2024 14:33:58] Current parent directory: C:/Users/Leo/Documents/GameMakerStudio2/IcySlide/sprites/SprCollectibleFlag/layers/6908dd55-aef3-4085-be88-224688d1eed6
[12-05-2024 14:33:58] Checking ea75c449-1f49-4672-9f3b-e2d7286b270f.png
[12-05-2024 14:33:58] Current parent directory: C:/Users/Leo/Documents/GameMakerStudio2/IcySlide/sprites/SprCollectibleFlag/layers/e4ae20c4-136e-4b9e-a7a2-130e6c2c73aa
[12-05-2024 14:33:58] Checking ea75c449-1f49-4672-9f3b-e2d7286b270f.png
[12-05-2024 14:33:58] Current parent directory: C:/Users/Leo/Documents/GameMakerStudio2/IcySlide/sprites/SprCollectibleFlag/layers/fc357313-0e6c-4854-a4ab-e89582349927
[12-05-2024 14:33:58] Checking ea75c449-1f49-4672-9f3b-e2d7286b270f.png
[12-05-2024 14:33:58] Current parent directory: C:/Users/Leo/Documents/GameMakerStudio2/IcySlide/sprites/SprCrack1
[12-05-2024 14:33:58] Checking SprCrack1.yy
[12-05-2024 14:33:58] Parsing C:/Users/Leo/Documents/GameMakerStudio2/IcySlide/sprites/SprCrack1/SprCrack1.yy
[12-05-2024 14:33:58] Reading C:/Users/Leo/Documents/GameMakerStudio2/IcySlide/sprites/SprCrack1/SprCrack1.yy
[12-05-2024 14:33:58] Par: "folders/Sprites/Cracks" at dir: "C:/Users/Leo/Documents/GameMakerStudio2/IcySlide/sprites/SprCrack1/SprCrack1.yy"
[12-05-2024 14:33:58] Found Sprite: SprCrack1
[12-05-2024 14:33:58] Checking layers
[12-05-2024 14:33:58] Directory: C:/Users/Leo/Documents/GameMakerStudio2/IcySlide/sprites/SprCrack1/layers
[12-05-2024 14:33:58] Checking d07faa64-6e47-4f16-a76b-ae7435be6b9b.png
[12-05-2024 14:33:58] Checking 80c33b4f-81b1-466b-8434-1ff433c4aa34.png
[12-05-2024 14:33:58] Checking 73fcde0f-bf5f-47e8-8519-d66efae38a07.png
[12-05-2024 14:33:58] Current parent directory: C:/Users/Leo/Documents/GameMakerStudio2/IcySlide/sprites/SprCrack1/layers
[12-05-2024 14:33:58] Checking d07faa64-6e47-4f16-a76b-ae7435be6b9b
[12-05-2024 14:33:58] Directory: C:/Users/Leo/Documents/GameMakerStudio2/IcySlide/sprites/SprCrack1/layers/d07faa64-6e47-4f16-a76b-ae7435be6b9b
[12-05-2024 14:33:58] Checking 80c33b4f-81b1-466b-8434-1ff433c4aa34
[12-05-2024 14:33:58] Directory: C:/Users/Leo/Documents/GameMakerStudio2/IcySlide/sprites/SprCrack1/layers/80c33b4f-81b1-466b-8434-1ff433c4aa34
[12-05-2024 14:33:58] Checking 73fcde0f-bf5f-47e8-8519-d66efae38a07
[12-05-2024 14:33:58] Directory: C:/Users/Leo/Documents/GameMakerStudio2/IcySlide/sprites/SprCrack1/layers/73fcde0f-bf5f-47e8-8519-d66efae38a07
[12-05-2024 14:33:58] Current parent directory: C:/Users/Leo/Documents/GameMakerStudio2/IcySlide/sprites/SprCrack1/layers/73fcde0f-bf5f-47e8-8519-d66efae38a07
[12-05-2024 14:33:58] Checking f2b62d6e-1768-4b04-a021-973e5858c33c.png
[12-05-2024 14:33:58] Current parent directory: C:/Users/Leo/Documents/GameMakerStudio2/IcySlide/sprites/SprCrack1/layers/80c33b4f-81b1-466b-8434-1ff433c4aa34
[12-05-2024 14:33:58] Checking f2b62d6e-1768-4b04-a021-973e5858c33c.png
[12-05-2024 14:33:58] Current parent directory: C:/Users/Leo/Documents/GameMakerStudio2/IcySlide/sprites/SprCrack1/layers/d07faa64-6e47-4f16-a76b-ae7435be6b9b
[12-05-2024 14:33:58] Checking f2b62d6e-1768-4b04-a021-973e5858c33c.png
[12-05-2024 14:33:58] Current parent directory: C:/Users/Leo/Documents/GameMakerStudio2/IcySlide/sprites/SprCrack2
[12-05-2024 14:33:58] Checking SprCrack2.yy
[12-05-2024 14:33:58] Parsing C:/Users/Leo/Documents/GameMakerStudio2/IcySlide/sprites/SprCrack2/SprCrack2.yy
[12-05-2024 14:33:58] Reading C:/Users/Leo/Documents/GameMakerStudio2/IcySlide/sprites/SprCrack2/SprCrack2.yy
[12-05-2024 14:33:58] Par: "folders/Sprites/Cracks" at dir: "C:/Users/Leo/Documents/GameMakerStudio2/IcySlide/sprites/SprCrack2/SprCrack2.yy"
[12-05-2024 14:33:58] Found Sprite: SprCrack2
[12-05-2024 14:33:58] Checking layers
[12-05-2024 14:33:58] Directory: C:/Users/Leo/Documents/GameMakerStudio2/IcySlide/sprites/SprCrack2/layers
[12-05-2024 14:33:58] Checking f7345645-5ce9-412e-bc7b-904bd10e9454.png
[12-05-2024 14:33:58] Checking 8e6d6a05-b9c7-4436-9b8b-692897c6bd0c.png
[12-05-2024 14:33:58] Checking 8d481ce8-0a5a-4ad1-bc9c-828620d18757.png
[12-05-2024 14:33:58] Current parent directory: C:/Users/Leo/Documents/GameMakerStudio2/IcySlide/sprites/SprCrack2/layers
[12-05-2024 14:33:58] Checking f7345645-5ce9-412e-bc7b-904bd10e9454
[12-05-2024 14:33:58] Directory: C:/Users/Leo/Documents/GameMakerStudio2/IcySlide/sprites/SprCrack2/layers/f7345645-5ce9-412e-bc7b-904bd10e9454
[12-05-2024 14:33:58] Checking 8e6d6a05-b9c7-4436-9b8b-692897c6bd0c
[12-05-2024 14:33:58] Directory: C:/Users/Leo/Documents/GameMakerStudio2/IcySlide/sprites/SprCrack2/layers/8e6d6a05-b9c7-4436-9b8b-692897c6bd0c
[12-05-2024 14:33:58] Checking 8d481ce8-0a5a-4ad1-bc9c-828620d18757
[12-05-2024 14:33:58] Directory: C:/Users/Leo/Documents/GameMakerStudio2/IcySlide/sprites/SprCrack2/layers/8d481ce8-0a5a-4ad1-bc9c-828620d18757
[12-05-2024 14:33:58] Current parent directory: C:/Users/Leo/Documents/GameMakerStudio2/IcySlide/sprites/SprCrack2/layers/8d481ce8-0a5a-4ad1-bc9c-828620d18757
[12-05-2024 14:33:58] Checking 96dd74fc-eee2-4f6e-9f04-9a85a625556d.png
[12-05-2024 14:33:58] Current parent directory: C:/Users/Leo/Documents/GameMakerStudio2/IcySlide/sprites/SprCrack2/layers/8e6d6a05-b9c7-4436-9b8b-692897c6bd0c
[12-05-2024 14:33:58] Checking 96dd74fc-eee2-4f6e-9f04-9a85a625556d.png
[12-05-2024 14:33:58] Current parent directory: C:/Users/Leo/Documents/GameMakerStudio2/IcySlide/sprites/SprCrack2/layers/f7345645-5ce9-412e-bc7b-904bd10e9454
[12-05-2024 14:33:58] Checking 96dd74fc-eee2-4f6e-9f04-9a85a625556d.png
[12-05-2024 14:33:58] Current parent directory: C:/Users/Leo/Documents/GameMakerStudio2/IcySlide/sprites/SprCrack3
[12-05-2024 14:33:58] Checking SprCrack3.yy
[12-05-2024 14:33:58] Parsing C:/Users/Leo/Documents/GameMakerStudio2/IcySlide/sprites/SprCrack3/SprCrack3.yy
[12-05-2024 14:33:58] Reading C:/Users/Leo/Documents/GameMakerStudio2/IcySlide/sprites/SprCrack3/SprCrack3.yy
[12-05-2024 14:33:58] Par: "folders/Sprites/Cracks" at dir: "C:/Users/Leo/Documents/GameMakerStudio2/IcySlide/sprites/SprCrack3/SprCrack3.yy"
[12-05-2024 14:33:58] Found Sprite: SprCrack3
[12-05-2024 14:33:58] Checking layers
[12-05-2024 14:33:58] Directory: C:/Users/Leo/Documents/GameMakerStudio2/IcySlide/sprites/SprCrack3/layers
[12-05-2024 14:33:58] Checking a67ebc68-9d2e-46ee-936e-80ab65ee1adf.png
[12-05-2024 14:33:58] Checking 7813723d-12a6-4831-80a0-96d35433943c.png
[12-05-2024 14:33:58] Checking 2c960339-a831-4cc7-9384-2566cfc95440.png
[12-05-2024 14:33:58] Current parent directory: C:/Users/Leo/Documents/GameMakerStudio2/IcySlide/sprites/SprCrack3/layers
[12-05-2024 14:33:58] Checking a67ebc68-9d2e-46ee-936e-80ab65ee1adf
[12-05-2024 14:33:58] Directory: C:/Users/Leo/Documents/GameMakerStudio2/IcySlide/sprites/SprCrack3/layers/a67ebc68-9d2e-46ee-936e-80ab65ee1adf
[12-05-2024 14:33:58] Checking 7813723d-12a6-4831-80a0-96d35433943c
[12-05-2024 14:33:58] Directory: C:/Users/Leo/Documents/GameMakerStudio2/IcySlide/sprites/SprCrack3/layers/7813723d-12a6-4831-80a0-96d35433943c
[12-05-2024 14:33:58] Checking 2c960339-a831-4cc7-9384-2566cfc95440
[12-05-2024 14:33:58] Directory: C:/Users/Leo/Documents/GameMakerStudio2/IcySlide/sprites/SprCrack3/layers/2c960339-a831-4cc7-9384-2566cfc95440
[12-05-2024 14:33:58] Current parent directory: C:/Users/Leo/Documents/GameMakerStudio2/IcySlide/sprites/SprCrack3/layers/2c960339-a831-4cc7-9384-2566cfc95440
[12-05-2024 14:33:58] Checking 6dec69cd-6e88-4a78-a639-638e0e5643fc.png
[12-05-2024 14:33:58] Current parent directory: C:/Users/Leo/Documents/GameMakerStudio2/IcySlide/sprites/SprCrack3/layers/7813723d-12a6-4831-80a0-96d35433943c
[12-05-2024 14:33:58] Checking 6dec69cd-6e88-4a78-a639-638e0e5643fc.png
[12-05-2024 14:33:58] Current parent directory: C:/Users/Leo/Documents/GameMakerStudio2/IcySlide/sprites/SprCrack3/layers/a67ebc68-9d2e-46ee-936e-80ab65ee1adf
[12-05-2024 14:33:58] Checking 6dec69cd-6e88-4a78-a639-638e0e5643fc.png
[12-05-2024 14:33:58] Current parent directory: C:/Users/Leo/Documents/GameMakerStudio2/IcySlide/sprites/SprCrack4
[12-05-2024 14:33:58] Checking SprCrack4.yy
[12-05-2024 14:33:58] Parsing C:/Users/Leo/Documents/GameMakerStudio2/IcySlide/sprites/SprCrack4/SprCrack4.yy
[12-05-2024 14:33:58] Reading C:/Users/Leo/Documents/GameMakerStudio2/IcySlide/sprites/SprCrack4/SprCrack4.yy
[12-05-2024 14:33:58] Par: "folders/Sprites/Cracks" at dir: "C:/Users/Leo/Documents/GameMakerStudio2/IcySlide/sprites/SprCrack4/SprCrack4.yy"
[12-05-2024 14:33:58] Found Sprite: SprCrack4
[12-05-2024 14:33:58] Checking layers
[12-05-2024 14:33:58] Directory: C:/Users/Leo/Documents/GameMakerStudio2/IcySlide/sprites/SprCrack4/layers
[12-05-2024 14:33:58] Checking a5b54cba-2ced-4aad-af61-a52d21a6d211.png
[12-05-2024 14:33:58] Checking 90fb6906-2927-498f-8c1c-02d8ab39ded5.png
[12-05-2024 14:33:58] Checking 3a224a91-6b75-4205-92d5-230034c91790.png
[12-05-2024 14:33:58] Current parent directory: C:/Users/Leo/Documents/GameMakerStudio2/IcySlide/sprites/SprCrack4/layers
[12-05-2024 14:33:58] Checking a5b54cba-2ced-4aad-af61-a52d21a6d211
[12-05-2024 14:33:58] Directory: C:/Users/Leo/Documents/GameMakerStudio2/IcySlide/sprites/SprCrack4/layers/a5b54cba-2ced-4aad-af61-a52d21a6d211
[12-05-2024 14:33:58] Checking 90fb6906-2927-498f-8c1c-02d8ab39ded5
[12-05-2024 14:33:58] Directory: C:/Users/Leo/Documents/GameMakerStudio2/IcySlide/sprites/SprCrack4/layers/90fb6906-2927-498f-8c1c-02d8ab39ded5
[12-05-2024 14:33:58] Checking 3a224a91-6b75-4205-92d5-230034c91790
[12-05-2024 14:33:58] Directory: C:/Users/Leo/Documents/GameMakerStudio2/IcySlide/sprites/SprCrack4/layers/3a224a91-6b75-4205-92d5-230034c91790
[12-05-2024 14:33:58] Current parent directory: C:/Users/Leo/Documents/GameMakerStudio2/IcySlide/sprites/SprCrack4/layers/3a224a91-6b75-4205-92d5-230034c91790
[12-05-2024 14:33:58] Checking 11d7625a-aa3b-457c-952b-615104057acc.png
[12-05-2024 14:33:58] Current parent directory: C:/Users/Leo/Documents/GameMakerStudio2/IcySlide/sprites/SprCrack4/layers/90fb6906-2927-498f-8c1c-02d8ab39ded5
[12-05-2024 14:33:58] Checking 11d7625a-aa3b-457c-952b-615104057acc.png
[12-05-2024 14:33:58] Current parent directory: C:/Users/Leo/Documents/GameMakerStudio2/IcySlide/sprites/SprCrack4/layers/a5b54cba-2ced-4aad-af61-a52d21a6d211
[12-05-2024 14:33:58] Checking 11d7625a-aa3b-457c-952b-615104057acc.png
[12-05-2024 14:33:58] Current parent directory: C:/Users/Leo/Documents/GameMakerStudio2/IcySlide/sprites/SprFoxDown
[12-05-2024 14:33:58] Checking SprFoxDown.yy
[12-05-2024 14:33:58] Parsing C:/Users/Leo/Documents/GameMakerStudio2/IcySlide/sprites/SprFoxDown/SprFoxDown.yy
[12-05-2024 14:33:58] Reading C:/Users/Leo/Documents/GameMakerStudio2/IcySlide/sprites/SprFoxDown/SprFoxDown.yy
[12-05-2024 14:33:58] Par: "folders/Sprites" at dir: "C:/Users/Leo/Documents/GameMakerStudio2/IcySlide/sprites/SprFoxDown/SprFoxDown.yy"
[12-05-2024 14:33:58] Found Sprite: SprFoxDown
[12-05-2024 14:33:58] Checking layers
[12-05-2024 14:33:58] Directory: C:/Users/Leo/Documents/GameMakerStudio2/IcySlide/sprites/SprFoxDown/layers
[12-05-2024 14:33:58] Checking 75d5a408-8d87-409e-8215-286161821f43.png
[12-05-2024 14:33:58] Current parent directory: C:/Users/Leo/Documents/GameMakerStudio2/IcySlide/sprites/SprFoxDown/layers
[12-05-2024 14:33:58] Checking 75d5a408-8d87-409e-8215-286161821f43
[12-05-2024 14:33:58] Directory: C:/Users/Leo/Documents/GameMakerStudio2/IcySlide/sprites/SprFoxDown/layers/75d5a408-8d87-409e-8215-286161821f43
[12-05-2024 14:33:58] Current parent directory: C:/Users/Leo/Documents/GameMakerStudio2/IcySlide/sprites/SprFoxDown/layers/75d5a408-8d87-409e-8215-286161821f43
[12-05-2024 14:33:58] Checking 47f899e6-cdce-4275-b4bf-48e5e5199858.png
[12-05-2024 14:33:58] Current parent directory: C:/Users/Leo/Documents/GameMakerStudio2/IcySlide/sprites/SprFoxLeft
[12-05-2024 14:33:58] Checking SprFoxLeft.yy
[12-05-2024 14:33:58] Parsing C:/Users/Leo/Documents/GameMakerStudio2/IcySlide/sprites/SprFoxLeft/SprFoxLeft.yy
[12-05-2024 14:33:58] Reading C:/Users/Leo/Documents/GameMakerStudio2/IcySlide/sprites/SprFoxLeft/SprFoxLeft.yy
[12-05-2024 14:33:58] Par: "folders/Sprites" at dir: "C:/Users/Leo/Documents/GameMakerStudio2/IcySlide/sprites/SprFoxLeft/SprFoxLeft.yy"
[12-05-2024 14:33:58] Found Sprite: SprFoxLeft
[12-05-2024 14:33:58] Checking layers
[12-05-2024 14:33:58] Directory: C:/Users/Leo/Documents/GameMakerStudio2/IcySlide/sprites/SprFoxLeft/layers
[12-05-2024 14:33:58] Checking 04161a96-34a3-4402-b5c4-fbaef547997f.png
[12-05-2024 14:33:58] Current parent directory: C:/Users/Leo/Documents/GameMakerStudio2/IcySlide/sprites/SprFoxLeft/layers
[12-05-2024 14:33:58] Checking 04161a96-34a3-4402-b5c4-fbaef547997f
[12-05-2024 14:33:58] Directory: C:/Users/Leo/Documents/GameMakerStudio2/IcySlide/sprites/SprFoxLeft/layers/04161a96-34a3-4402-b5c4-fbaef547997f
[12-05-2024 14:33:58] Current parent directory: C:/Users/Leo/Documents/GameMakerStudio2/IcySlide/sprites/SprFoxLeft/layers/04161a96-34a3-4402-b5c4-fbaef547997f
[12-05-2024 14:33:58] Checking eabdf309-309b-4c6c-814c-4b90dad09007.png
[12-05-2024 14:33:58] Current parent directory: C:/Users/Leo/Documents/GameMakerStudio2/IcySlide/sprites/SprFoxRight
[12-05-2024 14:33:58] Checking SprFoxRight.yy
[12-05-2024 14:33:58] Parsing C:/Users/Leo/Documents/GameMakerStudio2/IcySlide/sprites/SprFoxRight/SprFoxRight.yy
[12-05-2024 14:33:58] Reading C:/Users/Leo/Documents/GameMakerStudio2/IcySlide/sprites/SprFoxRight/SprFoxRight.yy
[12-05-2024 14:33:58] Par: "folders/Sprites" at dir: "C:/Users/Leo/Documents/GameMakerStudio2/IcySlide/sprites/SprFoxRight/SprFoxRight.yy"
[12-05-2024 14:33:58] Found Sprite: SprFoxRight
[12-05-2024 14:33:58] Checking layers
[12-05-2024 14:33:58] Directory: C:/Users/Leo/Documents/GameMakerStudio2/IcySlide/sprites/SprFoxRight/layers
[12-05-2024 14:33:58] Checking 5232a52d-61bc-44d6-8fd2-9434b724f174.png
[12-05-2024 14:33:58] Current parent directory: C:/Users/Leo/Documents/GameMakerStudio2/IcySlide/sprites/SprFoxRight/layers
[12-05-2024 14:33:58] Checking 5232a52d-61bc-44d6-8fd2-9434b724f174
[12-05-2024 14:33:58] Directory: C:/Users/Leo/Documents/GameMakerStudio2/IcySlide/sprites/SprFoxRight/layers/5232a52d-61bc-44d6-8fd2-9434b724f174
[12-05-2024 14:33:58] Current parent directory: C:/Users/Leo/Documents/GameMakerStudio2/IcySlide/sprites/SprFoxRight/layers/5232a52d-61bc-44d6-8fd2-9434b724f174
[12-05-2024 14:33:58] Checking 33db9961-92f4-4dea-812c-2009b49c2ccf.png
[12-05-2024 14:33:58] Current parent directory: C:/Users/Leo/Documents/GameMakerStudio2/IcySlide/sprites/SprFoxUp
[12-05-2024 14:33:58] Checking SprFoxUp.yy
[12-05-2024 14:33:58] Parsing C:/Users/Leo/Documents/GameMakerStudio2/IcySlide/sprites/SprFoxUp/SprFoxUp.yy
[12-05-2024 14:33:58] Reading C:/Users/Leo/Documents/GameMakerStudio2/IcySlide/sprites/SprFoxUp/SprFoxUp.yy
[12-05-2024 14:33:58] Par: "folders/Sprites" at dir: "C:/Users/Leo/Documents/GameMakerStudio2/IcySlide/sprites/SprFoxUp/SprFoxUp.yy"
[12-05-2024 14:33:58] Found Sprite: SprFoxUp
[12-05-2024 14:33:58] Checking layers
[12-05-2024 14:33:58] Directory: C:/Users/Leo/Documents/GameMakerStudio2/IcySlide/sprites/SprFoxUp/layers
[12-05-2024 14:33:58] Checking feb597a9-132b-4a71-92c1-eaf291b40102.png
[12-05-2024 14:33:58] Current parent directory: C:/Users/Leo/Documents/GameMakerStudio2/IcySlide/sprites/SprFoxUp/layers
[12-05-2024 14:33:58] Checking feb597a9-132b-4a71-92c1-eaf291b40102
[12-05-2024 14:33:58] Directory: C:/Users/Leo/Documents/GameMakerStudio2/IcySlide/sprites/SprFoxUp/layers/feb597a9-132b-4a71-92c1-eaf291b40102
[12-05-2024 14:33:58] Current parent directory: C:/Users/Leo/Documents/GameMakerStudio2/IcySlide/sprites/SprFoxUp/layers/feb597a9-132b-4a71-92c1-eaf291b40102
[12-05-2024 14:33:58] Checking 2b4a91ed-24fb-4010-9c3c-552d60184552.png
[12-05-2024 14:33:58] Current parent directory: C:/Users/Leo/Documents/GameMakerStudio2/IcySlide/sprites/SprHudBg
[12-05-2024 14:33:58] Checking SprHudBg.yy
[12-05-2024 14:33:58] Parsing C:/Users/Leo/Documents/GameMakerStudio2/IcySlide/sprites/SprHudBg/SprHudBg.yy
[12-05-2024 14:33:58] Reading C:/Users/Leo/Documents/GameMakerStudio2/IcySlide/sprites/SprHudBg/SprHudBg.yy
[12-05-2024 14:33:58] Par: "folders/Sprites" at dir: "C:/Users/Leo/Documents/GameMakerStudio2/IcySlide/sprites/SprHudBg/SprHudBg.yy"
[12-05-2024 14:33:58] Found Sprite: SprHudBg
[12-05-2024 14:33:58] Checking layers
[12-05-2024 14:33:58] Directory: C:/Users/Leo/Documents/GameMakerStudio2/IcySlide/sprites/SprHudBg/layers
[12-05-2024 14:33:58] Checking eb2113f4-54b2-4709-b182-17e53b9a295e.png
[12-05-2024 14:33:58] Current parent directory: C:/Users/Leo/Documents/GameMakerStudio2/IcySlide/sprites/SprHudBg/layers
[12-05-2024 14:33:58] Checking eb2113f4-54b2-4709-b182-17e53b9a295e
[12-05-2024 14:33:58] Directory: C:/Users/Leo/Documents/GameMakerStudio2/IcySlide/sprites/SprHudBg/layers/eb2113f4-54b2-4709-b182-17e53b9a295e
[12-05-2024 14:33:58] Current parent directory: C:/Users/Leo/Documents/GameMakerStudio2/IcySlide/sprites/SprHudBg/layers/eb2113f4-54b2-4709-b182-17e53b9a295e
[12-05-2024 14:33:58] Checking 178d0620-22ad-48c3-80a5-52fbfa71f68d.png
[12-05-2024 14:33:58] Current parent directory: C:/Users/Leo/Documents/GameMakerStudio2/IcySlide/sprites/SprIceTiles
[12-05-2024 14:33:58] Checking SprIceTiles.yy
[12-05-2024 14:33:58] Parsing C:/Users/Leo/Documents/GameMakerStudio2/IcySlide/sprites/SprIceTiles/SprIceTiles.yy
[12-05-2024 14:33:58] Reading C:/Users/Leo/Documents/GameMakerStudio2/IcySlide/sprites/SprIceTiles/SprIceTiles.yy
[12-05-2024 14:33:58] Par: "folders/Sprites" at dir: "C:/Users/Leo/Documents/GameMakerStudio2/IcySlide/sprites/SprIceTiles/SprIceTiles.yy"
[12-05-2024 14:33:58] Found Sprite: SprIceTiles
[12-05-2024 14:33:58] Checking layers
[12-05-2024 14:33:58] Directory: C:/Users/Leo/Documents/GameMakerStudio2/IcySlide/sprites/SprIceTiles/layers
[12-05-2024 14:33:58] Checking ecadb201-1116-466b-b3df-ca4deabdc258.png
[12-05-2024 14:33:58] Current parent directory: C:/Users/Leo/Documents/GameMakerStudio2/IcySlide/sprites/SprIceTiles/layers
[12-05-2024 14:33:58] Checking ecadb201-1116-466b-b3df-ca4deabdc258
[12-05-2024 14:33:58] Directory: C:/Users/Leo/Documents/GameMakerStudio2/IcySlide/sprites/SprIceTiles/layers/ecadb201-1116-466b-b3df-ca4deabdc258
[12-05-2024 14:33:58] Current parent directory: C:/Users/Leo/Documents/GameMakerStudio2/IcySlide/sprites/SprIceTiles/layers/ecadb201-1116-466b-b3df-ca4deabdc258
[12-05-2024 14:33:58] Checking 0f75e123-08e3-409a-be5d-ed8f00a7c875.png
[12-05-2024 14:33:58] Current parent directory: C:/Users/Leo/Documents/GameMakerStudio2/IcySlide/sprites/SprLogo
[12-05-2024 14:33:58] Checking SprLogo.yy
[12-05-2024 14:33:58] Parsing C:/Users/Leo/Documents/GameMakerStudio2/IcySlide/sprites/SprLogo/SprLogo.yy
[12-05-2024 14:33:58] Reading C:/Users/Leo/Documents/GameMakerStudio2/IcySlide/sprites/SprLogo/SprLogo.yy
[12-05-2024 14:33:58] Par: "folders/Sprites" at dir: "C:/Users/Leo/Documents/GameMakerStudio2/IcySlide/sprites/SprLogo/SprLogo.yy"
[12-05-2024 14:33:58] Found Sprite: SprLogo
[12-05-2024 14:33:58] Checking layers
[12-05-2024 14:33:58] Directory: C:/Users/Leo/Documents/GameMakerStudio2/IcySlide/sprites/SprLogo/layers
[12-05-2024 14:33:58] Checking edc516e8-fcd8-405f-a753-e7f4ed0c3829.png
[12-05-2024 14:33:58] Current parent directory: C:/Users/Leo/Documents/GameMakerStudio2/IcySlide/sprites/SprLogo/layers
[12-05-2024 14:33:58] Checking edc516e8-fcd8-405f-a753-e7f4ed0c3829
[12-05-2024 14:33:58] Directory: C:/Users/Leo/Documents/GameMakerStudio2/IcySlide/sprites/SprLogo/layers/edc516e8-fcd8-405f-a753-e7f4ed0c3829
[12-05-2024 14:33:58] Current parent directory: C:/Users/Leo/Documents/GameMakerStudio2/IcySlide/sprites/SprLogo/layers/edc516e8-fcd8-405f-a753-e7f4ed0c3829
[12-05-2024 14:33:58] Checking 887c3bf7-d33a-4741-8a07-a0174290c6cb.png
[12-05-2024 14:33:58] Current parent directory: C:/Users/Leo/Documents/GameMakerStudio2/IcySlide/sprites/SprLvlBtn
[12-05-2024 14:33:58] Checking SprLvlBtn.yy
[12-05-2024 14:33:58] Parsing C:/Users/Leo/Documents/GameMakerStudio2/IcySlide/sprites/SprLvlBtn/SprLvlBtn.yy
[12-05-2024 14:33:58] Reading C:/Users/Leo/Documents/GameMakerStudio2/IcySlide/sprites/SprLvlBtn/SprLvlBtn.yy
[12-05-2024 14:33:58] Par: "folders/Sprites" at dir: "C:/Users/Leo/Documents/GameMakerStudio2/IcySlide/sprites/SprLvlBtn/SprLvlBtn.yy"
[12-05-2024 14:33:58] Found Sprite: SprLvlBtn
[12-05-2024 14:33:58] Checking layers
[12-05-2024 14:33:58] Directory: C:/Users/Leo/Documents/GameMakerStudio2/IcySlide/sprites/SprLvlBtn/layers
[12-05-2024 14:33:58] Checking faf94fe5-b5fc-4863-8942-e93d8b2dd57d.png
[12-05-2024 14:33:58] Current parent directory: C:/Users/Leo/Documents/GameMakerStudio2/IcySlide/sprites/SprLvlBtn/layers
[12-05-2024 14:33:58] Checking faf94fe5-b5fc-4863-8942-e93d8b2dd57d
[12-05-2024 14:33:58] Directory: C:/Users/Leo/Documents/GameMakerStudio2/IcySlide/sprites/SprLvlBtn/layers/faf94fe5-b5fc-4863-8942-e93d8b2dd57d
[12-05-2024 14:33:58] Current parent directory: C:/Users/Leo/Documents/GameMakerStudio2/IcySlide/sprites/SprLvlBtn/layers/faf94fe5-b5fc-4863-8942-e93d8b2dd57d
[12-05-2024 14:33:58] Checking 5b16b8f8-8f28-4407-9e06-634746866f75.png
[12-05-2024 14:33:58] Current parent directory: C:/Users/Leo/Documents/GameMakerStudio2/IcySlide/sprites/SprMenuBtn
[12-05-2024 14:33:58] Checking SprMenuBtn.yy
[12-05-2024 14:33:58] Parsing C:/Users/Leo/Documents/GameMakerStudio2/IcySlide/sprites/SprMenuBtn/SprMenuBtn.yy
[12-05-2024 14:33:58] Reading C:/Users/Leo/Documents/GameMakerStudio2/IcySlide/sprites/SprMenuBtn/SprMenuBtn.yy
[12-05-2024 14:33:58] Par: "folders/Sprites" at dir: "C:/Users/Leo/Documents/GameMakerStudio2/IcySlide/sprites/SprMenuBtn/SprMenuBtn.yy"
[12-05-2024 14:33:58] Found Sprite: SprMenuBtn
[12-05-2024 14:33:58] Checking layers
[12-05-2024 14:33:58] Directory: C:/Users/Leo/Documents/GameMakerStudio2/IcySlide/sprites/SprMenuBtn/layers
[12-05-2024 14:33:58] Checking b0a8bec3-40a9-4c3e-aa4a-8f8916a2b818.png
[12-05-2024 14:33:58] Current parent directory: C:/Users/Leo/Documents/GameMakerStudio2/IcySlide/sprites/SprMenuBtn/layers
[12-05-2024 14:33:58] Checking b0a8bec3-40a9-4c3e-aa4a-8f8916a2b818
[12-05-2024 14:33:58] Directory: C:/Users/Leo/Documents/GameMakerStudio2/IcySlide/sprites/SprMenuBtn/layers/b0a8bec3-40a9-4c3e-aa4a-8f8916a2b818
[12-05-2024 14:33:58] Current parent directory: C:/Users/Leo/Documents/GameMakerStudio2/IcySlide/sprites/SprMenuBtn/layers/b0a8bec3-40a9-4c3e-aa4a-8f8916a2b818
[12-05-2024 14:33:58] Checking 3ef8e2f8-0fc1-487e-80f6-f01f57732944.png
[12-05-2024 14:33:58] Current parent directory: C:/Users/Leo/Documents/GameMakerStudio2/IcySlide/sprites/SprResetBtn
[12-05-2024 14:33:58] Checking SprResetBtn.yy
[12-05-2024 14:33:58] Parsing C:/Users/Leo/Documents/GameMakerStudio2/IcySlide/sprites/SprResetBtn/SprResetBtn.yy
[12-05-2024 14:33:58] Reading C:/Users/Leo/Documents/GameMakerStudio2/IcySlide/sprites/SprResetBtn/SprResetBtn.yy
[12-05-2024 14:33:58] Par: "folders/Sprites" at dir: "C:/Users/Leo/Documents/GameMakerStudio2/IcySlide/sprites/SprResetBtn/SprResetBtn.yy"
[12-05-2024 14:33:58] Found Sprite: SprResetBtn
[12-05-2024 14:33:58] Checking layers
[12-05-2024 14:33:58] Directory: C:/Users/Leo/Documents/GameMakerStudio2/IcySlide/sprites/SprResetBtn/layers
[12-05-2024 14:33:58] Checking ee040313-1faa-47c6-ac56-cf3213965690.png
[12-05-2024 14:33:58] Current parent directory: C:/Users/Leo/Documents/GameMakerStudio2/IcySlide/sprites/SprResetBtn/layers
[12-05-2024 14:33:58] Checking ee040313-1faa-47c6-ac56-cf3213965690
[12-05-2024 14:33:58] Directory: C:/Users/Leo/Documents/GameMakerStudio2/IcySlide/sprites/SprResetBtn/layers/ee040313-1faa-47c6-ac56-cf3213965690
[12-05-2024 14:33:58] Current parent directory: C:/Users/Leo/Documents/GameMakerStudio2/IcySlide/sprites/SprResetBtn/layers/ee040313-1faa-47c6-ac56-cf3213965690
[12-05-2024 14:33:58] Checking e5abefc5-1181-42c5-a176-5596d1feab50.png
[12-05-2024 14:33:58] Current parent directory: C:/Users/Leo/Documents/GameMakerStudio2/IcySlide/sprites/SprRock
[12-05-2024 14:33:58] Checking SprRock.yy
[12-05-2024 14:33:58] Parsing C:/Users/Leo/Documents/GameMakerStudio2/IcySlide/sprites/SprRock/SprRock.yy
[12-05-2024 14:33:58] Reading C:/Users/Leo/Documents/GameMakerStudio2/IcySlide/sprites/SprRock/SprRock.yy
[12-05-2024 14:33:58] Par: "folders/Sprites" at dir: "C:/Users/Leo/Documents/GameMakerStudio2/IcySlide/sprites/SprRock/SprRock.yy"
[12-05-2024 14:33:58] Found Sprite: SprRock
[12-05-2024 14:33:58] Checking layers
[12-05-2024 14:33:58] Directory: C:/Users/Leo/Documents/GameMakerStudio2/IcySlide/sprites/SprRock/layers
[12-05-2024 14:33:58] Checking c850b4e2-7230-47aa-b96d-7b7028025911.png
[12-05-2024 14:33:58] Current parent directory: C:/Users/Leo/Documents/GameMakerStudio2/IcySlide/sprites/SprRock/layers
[12-05-2024 14:33:58] Checking c850b4e2-7230-47aa-b96d-7b7028025911
[12-05-2024 14:33:58] Directory: C:/Users/Leo/Documents/GameMakerStudio2/IcySlide/sprites/SprRock/layers/c850b4e2-7230-47aa-b96d-7b7028025911
[12-05-2024 14:33:58] Current parent directory: C:/Users/Leo/Documents/GameMakerStudio2/IcySlide/sprites/SprRock/layers/c850b4e2-7230-47aa-b96d-7b7028025911
[12-05-2024 14:33:58] Checking 9438b969-7680-45f9-af50-4f30d125d323.png
[12-05-2024 14:33:58] Current parent directory: C:/Users/Leo/Documents/GameMakerStudio2/IcySlide/sprites/SprSlidingRock
[12-05-2024 14:33:58] Checking SprSlidingRock.yy
[12-05-2024 14:33:58] Parsing C:/Users/Leo/Documents/GameMakerStudio2/IcySlide/sprites/SprSlidingRock/SprSlidingRock.yy
[12-05-2024 14:33:58] Reading C:/Users/Leo/Documents/GameMakerStudio2/IcySlide/sprites/SprSlidingRock/SprSlidingRock.yy
[12-05-2024 14:33:58] Par: "folders/Sprites" at dir: "C:/Users/Leo/Documents/GameMakerStudio2/IcySlide/sprites/SprSlidingRock/SprSlidingRock.yy"
[12-05-2024 14:33:58] Found Sprite: SprSlidingRock
[12-05-2024 14:33:58] Checking layers
[12-05-2024 14:33:58] Directory: C:/Users/Leo/Documents/GameMakerStudio2/IcySlide/sprites/SprSlidingRock/layers
[12-05-2024 14:33:58] Checking 00d86202-ff94-4657-a621-a49393681b06.png
[12-05-2024 14:33:58] Current parent directory: C:/Users/Leo/Documents/GameMakerStudio2/IcySlide/sprites/SprSlidingRock/layers
[12-05-2024 14:33:58] Checking 00d86202-ff94-4657-a621-a49393681b06
[12-05-2024 14:33:58] Directory: C:/Users/Leo/Documents/GameMakerStudio2/IcySlide/sprites/SprSlidingRock/layers/00d86202-ff94-4657-a621-a49393681b06
[12-05-2024 14:33:58] Current parent directory: C:/Users/Leo/Documents/GameMakerStudio2/IcySlide/sprites/SprSlidingRock/layers/00d86202-ff94-4657-a621-a49393681b06
[12-05-2024 14:33:58] Checking 2693f7a8-fb7e-4853-b5cd-7a1adc322fd8.png
[12-05-2024 14:33:58] Current parent directory: C:/Users/Leo/Documents/GameMakerStudio2/IcySlide/sprites/SprSplash
[12-05-2024 14:33:58] Checking SprSplash.yy
[12-05-2024 14:33:58] Parsing C:/Users/Leo/Documents/GameMakerStudio2/IcySlide/sprites/SprSplash/SprSplash.yy
[12-05-2024 14:33:58] Reading C:/Users/Leo/Documents/GameMakerStudio2/IcySlide/sprites/SprSplash/SprSplash.yy
[12-05-2024 14:33:58] Par: "folders/Sprites" at dir: "C:/Users/Leo/Documents/GameMakerStudio2/IcySlide/sprites/SprSplash/SprSplash.yy"
[12-05-2024 14:33:58] Found Sprite: SprSplash
[12-05-2024 14:33:58] Checking layers
[12-05-2024 14:33:58] Directory: C:/Users/Leo/Documents/GameMakerStudio2/IcySlide/sprites/SprSplash/layers
[12-05-2024 14:33:58] Checking 60643478-053e-4712-9d40-6118882196b8.png
[12-05-2024 14:33:58] Current parent directory: C:/Users/Leo/Documents/GameMakerStudio2/IcySlide/sprites/SprSplash/layers
[12-05-2024 14:33:58] Checking 60643478-053e-4712-9d40-6118882196b8
[12-05-2024 14:33:58] Directory: C:/Users/Leo/Documents/GameMakerStudio2/IcySlide/sprites/SprSplash/layers/60643478-053e-4712-9d40-6118882196b8
[12-05-2024 14:33:58] Current parent directory: C:/Users/Leo/Documents/GameMakerStudio2/IcySlide/sprites/SprSplash/layers/60643478-053e-4712-9d40-6118882196b8
[12-05-2024 14:33:58] Checking e5f43b43-ef95-4921-bc1d-1008a8a13aed.png
[12-05-2024 14:33:58] Current parent directory: C:/Users/Leo/Documents/GameMakerStudio2/IcySlide/sprites/SprStars
[12-05-2024 14:33:58] Checking SprStars.yy
[12-05-2024 14:33:58] Parsing C:/Users/Leo/Documents/GameMakerStudio2/IcySlide/sprites/SprStars/SprStars.yy
[12-05-2024 14:33:58] Reading C:/Users/Leo/Documents/GameMakerStudio2/IcySlide/sprites/SprStars/SprStars.yy
[12-05-2024 14:33:58] Par: "folders/Sprites" at dir: "C:/Users/Leo/Documents/GameMakerStudio2/IcySlide/sprites/SprStars/SprStars.yy"
[12-05-2024 14:33:58] Found Sprite: SprStars
[12-05-2024 14:33:58] Checking layers
[12-05-2024 14:33:58] Directory: C:/Users/Leo/Documents/GameMakerStudio2/IcySlide/sprites/SprStars/layers
[12-05-2024 14:33:58] Checking fc1f295c-34db-4348-b400-caaf3de3478d.png
[12-05-2024 14:33:58] Checking e06f5978-9195-4f8e-bf7d-e2ab2f887529.png
[12-05-2024 14:33:58] Checking 1ac4759f-a67c-4286-b326-e9e41a98d733.png
[12-05-2024 14:33:58] Checking 0ac7cba7-aff4-4438-b242-fcf02c370e3f.png
[12-05-2024 14:33:58] Current parent directory: C:/Users/Leo/Documents/GameMakerStudio2/IcySlide/sprites/SprStars/layers
[12-05-2024 14:33:58] Checking fc1f295c-34db-4348-b400-caaf3de3478d
[12-05-2024 14:33:58] Directory: C:/Users/Leo/Documents/GameMakerStudio2/IcySlide/sprites/SprStars/layers/fc1f295c-34db-4348-b400-caaf3de3478d
[12-05-2024 14:33:58] Checking e06f5978-9195-4f8e-bf7d-e2ab2f887529
[12-05-2024 14:33:58] Directory: C:/Users/Leo/Documents/GameMakerStudio2/IcySlide/sprites/SprStars/layers/e06f5978-9195-4f8e-bf7d-e2ab2f887529
[12-05-2024 14:33:58] Checking 1ac4759f-a67c-4286-b326-e9e41a98d733
[12-05-2024 14:33:58] Directory: C:/Users/Leo/Documents/GameMakerStudio2/IcySlide/sprites/SprStars/layers/1ac4759f-a67c-4286-b326-e9e41a98d733
[12-05-2024 14:33:58] Checking 0ac7cba7-aff4-4438-b242-fcf02c370e3f
[12-05-2024 14:33:58] Directory: C:/Users/Leo/Documents/GameMakerStudio2/IcySlide/sprites/SprStars/layers/0ac7cba7-aff4-4438-b242-fcf02c370e3f
[12-05-2024 14:33:58] Current parent directory: C:/Users/Leo/Documents/GameMakerStudio2/IcySlide/sprites/SprStars/layers/0ac7cba7-aff4-4438-b242-fcf02c370e3f
[12-05-2024 14:33:58] Checking 963bfe0d-62ee-4fcb-ba2a-2e433fa2815d.png
[12-05-2024 14:33:58] Current parent directory: C:/Users/Leo/Documents/GameMakerStudio2/IcySlide/sprites/SprStars/layers/1ac4759f-a67c-4286-b326-e9e41a98d733
[12-05-2024 14:33:58] Checking 963bfe0d-62ee-4fcb-ba2a-2e433fa2815d.png
[12-05-2024 14:33:58] Current parent directory: C:/Users/Leo/Documents/GameMakerStudio2/IcySlide/sprites/SprStars/layers/e06f5978-9195-4f8e-bf7d-e2ab2f887529
[12-05-2024 14:33:58] Checking 963bfe0d-62ee-4fcb-ba2a-2e433fa2815d.png
[12-05-2024 14:33:58] Current parent directory: C:/Users/Leo/Documents/GameMakerStudio2/IcySlide/sprites/SprStars/layers/fc1f295c-34db-4348-b400-caaf3de3478d
[12-05-2024 14:33:58] Checking 963bfe0d-62ee-4fcb-ba2a-2e433fa2815d.png
[12-05-2024 14:33:58] Current parent directory: C:/Users/Leo/Documents/GameMakerStudio2/IcySlide/tilesets
[12-05-2024 14:33:58] Checking TsIce
[12-05-2024 14:33:58] Directory: C:/Users/Leo/Documents/GameMakerStudio2/IcySlide/tilesets/TsIce
[12-05-2024 14:33:58] Current parent directory: C:/Users/Leo/Documents/GameMakerStudio2/IcySlide/tilesets/TsIce
[12-05-2024 14:33:58] Checking TsIce.yy
[12-05-2024 14:33:58] Parsing C:/Users/Leo/Documents/GameMakerStudio2/IcySlide/tilesets/TsIce/TsIce.yy
[12-05-2024 14:33:58] Reading C:/Users/Leo/Documents/GameMakerStudio2/IcySlide/tilesets/TsIce/TsIce.yy
[12-05-2024 14:33:58] Par: "folders/Tile Sets" at dir: "C:/Users/Leo/Documents/GameMakerStudio2/IcySlide/tilesets/TsIce/TsIce.yy"
[12-05-2024 14:33:58] Found TileSet: TsIce
[12-05-2024 14:33:58] Checking output_tileset.png
[12-05-2024 14:33:58] Current parent directory: C:/Users/Leo/Documents/GameMakerStudio2/IcySlide/timelines
[12-05-2024 14:33:58] Moving files to trash...
[12-05-2024 14:33:58] Files yeeted successfully!
[12-05-2024 14:33:58] Generating YYP...
[12-05-2024 14:33:58] IcySlide.yyp created successfully!
